--- SPHARM Batch Mode Start: 2026-04-05 21:56:02.610480 ---
Input: D:\capstone\HFH Hippocampus Segmentation_Organized\2_Patients_With_Labels
Output: D:\capstone\HFH Hippocampus Segmentation_Organized\ICP\output_2_Patients_With_Labels

[21:56:02] Detected 15 label-specific files (filtering out original images).
[21:56:02] Verified 15 files for processing.
[21:56:02] 
>>> [1/15] STARTING: HFH_011_Hipp_Labels
[21:56:02]   - Loading volume...
[21:56:02]   - STEP 1: SegPostProcess (Cleaning labels)...
[21:56:03]   - STEP 2: GenParaMesh (Creating spherical mesh)...
[21:56:06]   - STEP 3: ParaToSPHARMMesh (Computing PDM)...
[21:56:06]   - SUCCESS: HFH_011_Hipp_Labels completed.
[21:56:06]   - Cleanup done.
[21:56:06] 
>>> [2/15] STARTING: HFH_012_Hipp_Labels
[21:56:06]   - Loading volume...
[21:56:06]   - STEP 1: SegPostProcess (Cleaning labels)...
[21:56:07]   - STEP 2: GenParaMesh (Creating spherical mesh)...
[21:56:09]   - STEP 3: ParaToSPHARMMesh (Computing PDM)...
[21:56:09]   - SUCCESS: HFH_012_Hipp_Labels completed.
[21:56:09]   - Cleanup done.
[21:56:09] 
>>> [3/15] STARTING: HFH_013_Hipp_Labels
[21:56:09]   - Loading volume...
[21:56:09]   - STEP 1: SegPostProcess (Cleaning labels)...
[21:56:10]   - STEP 2: GenParaMesh (Creating spherical mesh)...
[21:56:12]   - STEP 3: ParaToSPHARMMesh (Computing PDM)...
[21:56:13]   - SUCCESS: HFH_013_Hipp_Labels completed.
[21:56:13]   - Cleanup done.
[21:56:13] 
>>> [4/15] STARTING: HFH_014_Hipp_Labels
[21:56:13]   - Loading volume...
[21:56:13]   - STEP 1: SegPostProcess (Cleaning labels)...
[21:56:14]   - STEP 2: GenParaMesh (Creating spherical mesh)...
[21:56:15]   - STEP 3: ParaToSPHARMMesh (Computing PDM)...
[21:56:16]   - SUCCESS: HFH_014_Hipp_Labels completed.
[21:56:16]   - Cleanup done.
[21:56:16] 
>>> [5/15] STARTING: HFH_015_Hipp_Labels
[21:56:16]   - Loading volume...
[21:56:16]   - STEP 1: SegPostProcess (Cleaning labels)...
[21:56:17]   - STEP 2: GenParaMesh (Creating spherical mesh)...
[21:56:19]   - STEP 3: ParaToSPHARMMesh (Computing PDM)...
[21:56:19]   - SUCCESS: HFH_015_Hipp_Labels completed.
[21:56:19]   - Cleanup done.
[21:56:19] 
>>> [6/15] STARTING: HFH_016_Hipp_Labels
[21:56:19]   - Loading volume...
[21:56:19]   - STEP 1: SegPostProcess (Cleaning labels)...
[21:56:25]   - STEP 2: GenParaMesh (Creating spherical mesh)...
[21:57:19]   - STEP 3: ParaToSPHARMMesh (Computing PDM)...
[21:57:19]   - SUCCESS: HFH_016_Hipp_Labels completed.
[21:57:19]   - Cleanup done.
[21:57:19] 
>>> [7/15] STARTING: HFH_017_Hipp_Labels
[21:57:19]   - Loading volume...
[21:57:19]   - STEP 1: SegPostProcess (Cleaning labels)...
[21:57:23]   - STEP 2: GenParaMesh (Creating spherical mesh)...
[21:57:34]   - STEP 3: ParaToSPHARMMesh (Computing PDM)...
[21:57:35]   - SUCCESS: HFH_017_Hipp_Labels completed.
[21:57:35]   - Cleanup done.
[21:57:35] 
>>> [8/15] STARTING: HFH_018_Hipp_Labels
[21:57:35]   - Loading volume...
[21:57:35]   - STEP 1: SegPostProcess (Cleaning labels)...
[21:57:40]   - STEP 2: GenParaMesh (Creating spherical mesh)...
[21:57:51]   - STEP 3: ParaToSPHARMMesh (Computing PDM)...
[21:57:52]   - SUCCESS: HFH_018_Hipp_Labels completed.
[21:57:52]   - Cleanup done.
[21:57:52] 
>>> [9/15] STARTING: HFH_019_Hipp_Labels
[21:57:52]   - Loading volume...
[21:57:52]   - STEP 1: SegPostProcess (Cleaning labels)...
[21:57:57]   - STEP 2: GenParaMesh (Creating spherical mesh)...
[21:58:11]   - STEP 3: ParaToSPHARMMesh (Computing PDM)...
[21:58:11]   - SUCCESS: HFH_019_Hipp_Labels completed.
[21:58:11]   - Cleanup done.
[21:58:11] 
>>> [10/15] STARTING: HFH_020_Hipp_Labels
[21:58:11]   - Loading volume...
[21:58:12]   - STEP 1: SegPostProcess (Cleaning labels)...
[21:58:16]   - STEP 2: GenParaMesh (Creating spherical mesh)...
[21:58:26]   - STEP 3: ParaToSPHARMMesh (Computing PDM)...
[21:58:27]   - SUCCESS: HFH_020_Hipp_Labels completed.
[21:58:27]   - Cleanup done.
[21:58:27] 
>>> [11/15] STARTING: HFH_021_Hipp_Labels
[21:58:27]   - Loading volume...
[21:58:27]   - STEP 1: SegPostProcess (Cleaning labels)...
[21:58:31]   - STEP 2: GenParaMesh (Creating spherical mesh)...
[21:58:49]   - STEP 3: ParaToSPHARMMesh (Computing PDM)...
[21:58:49]   - SUCCESS: HFH_021_Hipp_Labels completed.
[21:58:49]   - Cleanup done.
[21:58:49] 
>>> [12/15] STARTING: HFH_022_Hipp_Labels
[21:58:49]   - Loading volume...
[21:58:49]   - STEP 1: SegPostProcess (Cleaning labels)...
[21:58:54]   - STEP 2: GenParaMesh (Creating spherical mesh)...
[21:59:05]   - STEP 3: ParaToSPHARMMesh (Computing PDM)...
[21:59:05]   - SUCCESS: HFH_022_Hipp_Labels completed.
[21:59:05]   - Cleanup done.
[21:59:05] 
>>> [13/15] STARTING: HFH_023_Hipp_Labels
[21:59:05]   - Loading volume...
[21:59:05]   - STEP 1: SegPostProcess (Cleaning labels)...
[21:59:10]   - STEP 2: GenParaMesh (Creating spherical mesh)...
[21:59:20]   - STEP 3: ParaToSPHARMMesh (Computing PDM)...
[21:59:21]   - SUCCESS: HFH_023_Hipp_Labels completed.
[21:59:21]   - Cleanup done.
[21:59:21] 
>>> [14/15] STARTING: HFH_024_Hipp_Labels
[21:59:21]   - Loading volume...
[21:59:21]   - STEP 1: SegPostProcess (Cleaning labels)...
[21:59:26]   - STEP 2: GenParaMesh (Creating spherical mesh)...
[21:59:36]   - STEP 3: ParaToSPHARMMesh (Computing PDM)...
[21:59:36]   - SUCCESS: HFH_024_Hipp_Labels completed.
[21:59:36]   - Cleanup done.
[21:59:36] 
>>> [15/15] STARTING: HFH_025_Hipp_Labels
[21:59:36]   - Loading volume...
[21:59:36]   - STEP 1: SegPostProcess (Cleaning labels)...
[21:59:41]   - STEP 2: GenParaMesh (Creating spherical mesh)...
[21:59:50]   - STEP 3: ParaToSPHARMMesh (Computing PDM)...
[21:59:50]   - SUCCESS: HFH_025_Hipp_Labels completed.
[21:59:50]   - Cleanup done.
[21:59:50] 
============================================================
[21:59:50] !!! ALL BATCH PROCESSING COMPLETED !!!
[21:59:50] ============================================================
