Using Python at: "C:\Users\jckky\AppData\Local\Programs\Python\Python311\python.exe"
Python 3.11.9
Creating venv...
Activating venv...
Upgrading pip...
Requirement already satisfied: pip in c:\users\jckky\desktop\icp\venv\lib\site-packages (24.0)
Collecting pip
  Downloading pip-26.0.1-py3-none-any.whl.metadata (4.7 kB)
Downloading pip-26.0.1-py3-none-any.whl (1.8 MB)
   ---------------------------------------- 1.8/1.8 MB 902.7 kB/s eta 0:00:00
Installing collected packages: pip
  Attempting uninstall: pip
    Found existing installation: pip 24.0
    Uninstalling pip-24.0:
      Successfully uninstalled pip-24.0
Successfully installed pip-26.0.1
Installing requirements...
Collecting vtk==9.3.0 (from -r requirements.txt (line 1))
  Downloading vtk-9.3.0-cp311-cp311-win_amd64.whl.metadata (5.3 kB)
Collecting nibabel>=5.0.0 (from -r requirements.txt (line 2))
  Downloading nibabel-5.4.0-py3-none-any.whl.metadata (9.1 kB)
Collecting numpy>=1.24.0 (from -r requirements.txt (line 3))
  Downloading numpy-2.4.3-cp311-cp311-win_amd64.whl.metadata (6.6 kB)
Collecting opencv-python>=4.8.0 (from -r requirements.txt (line 4))
  Downloading opencv_python-4.13.0.92-cp37-abi3-win_amd64.whl.metadata (20 kB)
Collecting scikit-image>=0.21.0 (from -r requirements.txt (line 5))
  Downloading scikit_image-0.26.0-cp311-cp311-win_amd64.whl.metadata (15 kB)
Collecting trimesh>=4.0.0 (from -r requirements.txt (line 6))
  Downloading trimesh-4.11.3-py3-none-any.whl.metadata (13 kB)
Collecting scipy>=1.11.0 (from -r requirements.txt (line 7))
  Downloading scipy-1.17.1-cp311-cp311-win_amd64.whl.metadata (60 kB)
Collecting matplotlib>=2.0.0 (from vtk==9.3.0->-r requirements.txt (line 1))
  Downloading matplotlib-3.10.8-cp311-cp311-win_amd64.whl.metadata (52 kB)
Collecting importlib-resources>=5.12 (from nibabel>=5.0.0->-r requirements.txt (line 2))
  Downloading importlib_resources-6.5.2-py3-none-any.whl.metadata (3.9 kB)
Collecting packaging>=20 (from nibabel>=5.0.0->-r requirements.txt (line 2))
  Downloading packaging-26.0-py3-none-any.whl.metadata (3.3 kB)
Collecting typing-extensions>=4.6 (from nibabel>=5.0.0->-r requirements.txt (line 2))
  Downloading typing_extensions-4.15.0-py3-none-any.whl.metadata (3.3 kB)
Collecting networkx>=3.0 (from scikit-image>=0.21.0->-r requirements.txt (line 5))
  Downloading networkx-3.6.1-py3-none-any.whl.metadata (6.8 kB)
Collecting pillow>=10.1 (from scikit-image>=0.21.0->-r requirements.txt (line 5))
  Downloading pillow-12.1.1-cp311-cp311-win_amd64.whl.metadata (9.0 kB)
Collecting imageio!=2.35.0,>=2.33 (from scikit-image>=0.21.0->-r requirements.txt (line 5))
  Downloading imageio-2.37.3-py3-none-any.whl.metadata (9.7 kB)
Collecting tifffile>=2022.8.12 (from scikit-image>=0.21.0->-r requirements.txt (line 5))
  Downloading tifffile-2026.3.3-py3-none-any.whl.metadata (31 kB)
Collecting lazy-loader>=0.4 (from scikit-image>=0.21.0->-r requirements.txt (line 5))
  Downloading lazy_loader-0.5-py3-none-any.whl.metadata (5.9 kB)
Collecting contourpy>=1.0.1 (from matplotlib>=2.0.0->vtk==9.3.0->-r requirements.txt (line 1))
  Downloading contourpy-1.3.3-cp311-cp311-win_amd64.whl.metadata (5.5 kB)
Collecting cycler>=0.10 (from matplotlib>=2.0.0->vtk==9.3.0->-r requirements.txt (line 1))
  Downloading cycler-0.12.1-py3-none-any.whl.metadata (3.8 kB)
Collecting fonttools>=4.22.0 (from matplotlib>=2.0.0->vtk==9.3.0->-r requirements.txt (line 1))
  Downloading fonttools-4.61.1-cp311-cp311-win_amd64.whl.metadata (116 kB)
Collecting kiwisolver>=1.3.1 (from matplotlib>=2.0.0->vtk==9.3.0->-r requirements.txt (line 1))
  Downloading kiwisolver-1.5.0-cp311-cp311-win_amd64.whl.metadata (5.2 kB)
Collecting pyparsing>=3 (from matplotlib>=2.0.0->vtk==9.3.0->-r requirements.txt (line 1))
  Downloading pyparsing-3.3.2-py3-none-any.whl.metadata (5.8 kB)
Collecting python-dateutil>=2.7 (from matplotlib>=2.0.0->vtk==9.3.0->-r requirements.txt (line 1))
  Downloading python_dateutil-2.9.0.post0-py2.py3-none-any.whl.metadata (8.4 kB)
Collecting six>=1.5 (from python-dateutil>=2.7->matplotlib>=2.0.0->vtk==9.3.0->-r requirements.txt (line 1))
  Downloading six-1.17.0-py2.py3-none-any.whl.metadata (1.7 kB)
Downloading vtk-9.3.0-cp311-cp311-win_amd64.whl (52.4 MB)
   ---------------------------------------- 52.4/52.4 MB 1.1 MB/s  0:00:53
Downloading nibabel-5.4.0-py3-none-any.whl (3.3 MB)
   ---------------------------------------- 3.3/3.3 MB 1.7 MB/s  0:00:02
Downloading numpy-2.4.3-cp311-cp311-win_amd64.whl (12.6 MB)
   ---------------------------------------- 12.6/12.6 MB 1.1 MB/s  0:00:11
Downloading opencv_python-4.13.0.92-cp37-abi3-win_amd64.whl (40.2 MB)
   ---------------------------------------- 40.2/40.2 MB 1.1 MB/s  0:00:34
Downloading scikit_image-0.26.0-cp311-cp311-win_amd64.whl (11.9 MB)
   ---------------------------------------- 11.9/11.9 MB 1.3 MB/s  0:00:09
Downloading trimesh-4.11.3-py3-none-any.whl (740 kB)
   ---------------------------------------- 740.5/740.5 kB 1.2 MB/s  0:00:00
Downloading scipy-1.17.1-cp311-cp311-win_amd64.whl (36.6 MB)
   ---------------------------------------- 36.6/36.6 MB 327.0 kB/s  0:02:34
Downloading imageio-2.37.3-py3-none-any.whl (317 kB)
Downloading importlib_resources-6.5.2-py3-none-any.whl (37 kB)
Downloading lazy_loader-0.5-py3-none-any.whl (8.0 kB)
Downloading matplotlib-3.10.8-cp311-cp311-win_amd64.whl (8.1 MB)
   ---------------------------------------- 8.1/8.1 MB 187.2 kB/s  0:00:40
Downloading contourpy-1.3.3-cp311-cp311-win_amd64.whl (225 kB)
Downloading cycler-0.12.1-py3-none-any.whl (8.3 kB)
Downloading fonttools-4.61.1-cp311-cp311-win_amd64.whl (2.3 MB)
   ---------------------------------------- 2.3/2.3 MB 509.6 kB/s  0:00:04
Downloading kiwisolver-1.5.0-cp311-cp311-win_amd64.whl (73 kB)
Downloading networkx-3.6.1-py3-none-any.whl (2.1 MB)
   ---------------------------------------- 2.1/2.1 MB 313.3 kB/s  0:00:06
Downloading packaging-26.0-py3-none-any.whl (74 kB)
Downloading pillow-12.1.1-cp311-cp311-win_amd64.whl (7.0 MB)
   ---------------------------------------- 7.0/7.0 MB 220.3 kB/s  0:00:33
Downloading pyparsing-3.3.2-py3-none-any.whl (122 kB)
Downloading python_dateutil-2.9.0.post0-py2.py3-none-any.whl (229 kB)
Downloading six-1.17.0-py2.py3-none-any.whl (11 kB)
Downloading tifffile-2026.3.3-py3-none-any.whl (243 kB)
Downloading typing_extensions-4.15.0-py3-none-any.whl (44 kB)
Installing collected packages: typing-extensions, six, pyparsing, pillow, packaging, numpy, networkx, kiwisolver, importlib-resources, fonttools, cycler, trimesh, tifffile, scipy, python-dateutil, opencv-python, nibabel, lazy-loader, imageio, contourpy, scikit-image, matplotlib, vtk

Successfully installed contourpy-1.3.3 cycler-0.12.1 fonttools-4.61.1 imageio-2.37.3 importlib-resources-6.5.2 kiwisolver-1.5.0 lazy-loader-0.5 matplotlib-3.10.8 networkx-3.6.1 nibabel-5.4.0 numpy-2.4.3 opencv-python-4.13.0.92 packaging-26.0 pillow-12.1.1 pyparsing-3.3.2 python-dateutil-2.9.0.post0 scikit-image-0.26.0 scipy-1.17.1 six-1.17.0 tifffile-2026.3.3 trimesh-4.11.3 typing-extensions-4.15.0 vtk-9.3.0
Setup Completed
