--- SPHARM Batch Mode Start: 2026-04-05 21:00:10.853519 ---
[21:00:10] Verified 260 files for processing.
[21:00:10] 
>>> [1/260] STARTING: hippocampus_001
[21:00:10]   - Loading volume...
[21:00:10]   - STEP 1: SegPostProcess (Cleaning labels)...
[21:00:10]   - STEP 2: GenParaMesh (Creating spherical mesh)...
[21:00:11]   - STEP 3: ParaToSPHARMMesh (Computing PDM)...
[21:00:12]   - SUCCESS: hippocampus_001 completed.
[21:00:12]   - Cleanup done. Memory ready for next subject.
[21:00:12] 
>>> [2/260] STARTING: hippocampus_003
[21:00:12]   - Loading volume...
[21:00:12]   - STEP 1: SegPostProcess (Cleaning labels)...
[21:00:12]   - STEP 2: GenParaMesh (Creating spherical mesh)...
[21:00:13]   - STEP 3: ParaToSPHARMMesh (Computing PDM)...
[21:00:13]   - SUCCESS: hippocampus_003 completed.
[21:00:13]   - Cleanup done. Memory ready for next subject.
[21:00:13] 
>>> [3/260] STARTING: hippocampus_004
[21:00:13]   - Loading volume...
[21:00:13]   - STEP 1: SegPostProcess (Cleaning labels)...
[21:00:13]   - STEP 2: GenParaMesh (Creating spherical mesh)...
[21:00:15]   - STEP 3: ParaToSPHARMMesh (Computing PDM)...
[21:00:15]   - SUCCESS: hippocampus_004 completed.
[21:00:15]   - Cleanup done. Memory ready for next subject.
[21:00:15] 
>>> [4/260] STARTING: hippocampus_006
[21:00:15]   - Loading volume...
[21:00:15]   - STEP 1: SegPostProcess (Cleaning labels)...
[21:00:15]   - STEP 2: GenParaMesh (Creating spherical mesh)...
[21:00:17]   - STEP 3: ParaToSPHARMMesh (Computing PDM)...
[21:00:17]   - SUCCESS: hippocampus_006 completed.
[21:00:17]   - Cleanup done. Memory ready for next subject.
[21:00:17] 
>>> [5/260] STARTING: hippocampus_007
[21:00:17]   - Loading volume...
[21:00:17]   - STEP 1: SegPostProcess (Cleaning labels)...
[21:00:17]   - STEP 2: GenParaMesh (Creating spherical mesh)...
[21:00:18]   - STEP 3: ParaToSPHARMMesh (Computing PDM)...
[21:00:19]   - SUCCESS: hippocampus_007 completed.
[21:00:19]   - Cleanup done. Memory ready for next subject.
[21:00:19] 
>>> [6/260] STARTING: hippocampus_008
[21:00:19]   - Loading volume...
[21:00:19]   - STEP 1: SegPostProcess (Cleaning labels)...
[21:00:19]   - STEP 2: GenParaMesh (Creating spherical mesh)...
[21:00:20]   - STEP 3: ParaToSPHARMMesh (Computing PDM)...
[21:00:20]   - SUCCESS: hippocampus_008 completed.
[21:00:20]   - Cleanup done. Memory ready for next subject.
[21:00:20] 
>>> [7/260] STARTING: hippocampus_011
[21:00:20]   - Loading volume...
[21:00:20]   - STEP 1: SegPostProcess (Cleaning labels)...
[21:00:20]   - STEP 2: GenParaMesh (Creating spherical mesh)...
[21:00:21]   - STEP 3: ParaToSPHARMMesh (Computing PDM)...
[21:00:22]   - SUCCESS: hippocampus_011 completed.
[21:00:22]   - Cleanup done. Memory ready for next subject.
[21:00:22] 
>>> [8/260] STARTING: hippocampus_014
[21:00:22]   - Loading volume...
[21:00:22]   - STEP 1: SegPostProcess (Cleaning labels)...
[21:00:22]   - STEP 2: GenParaMesh (Creating spherical mesh)...
[21:00:23]   - STEP 3: ParaToSPHARMMesh (Computing PDM)...
[21:00:24]   - SUCCESS: hippocampus_014 completed.
[21:00:24]   - Cleanup done. Memory ready for next subject.
[21:00:24] 
>>> [9/260] STARTING: hippocampus_015
[21:00:24]   - Loading volume...
[21:00:24]   - STEP 1: SegPostProcess (Cleaning labels)...
[21:00:24]   - STEP 2: GenParaMesh (Creating spherical mesh)...
[21:00:25]   - STEP 3: ParaToSPHARMMesh (Computing PDM)...
[21:00:25]   - SUCCESS: hippocampus_015 completed.
[21:00:25]   - Cleanup done. Memory ready for next subject.
[21:00:25] 
>>> [10/260] STARTING: hippocampus_017
[21:00:25]   - Loading volume...
[21:00:25]   - STEP 1: SegPostProcess (Cleaning labels)...
[21:00:25]   - STEP 2: GenParaMesh (Creating spherical mesh)...
[21:00:26]   - STEP 3: ParaToSPHARMMesh (Computing PDM)...
[21:00:27]   - SUCCESS: hippocampus_017 completed.
[21:00:27]   - Cleanup done. Memory ready for next subject.
[21:00:27] 
>>> [11/260] STARTING: hippocampus_019
[21:00:27]   - Loading volume...
[21:00:27]   - STEP 1: SegPostProcess (Cleaning labels)...
[21:00:27]   - STEP 2: GenParaMesh (Creating spherical mesh)...
[21:00:28]   - STEP 3: ParaToSPHARMMesh (Computing PDM)...
[21:00:29]   - SUCCESS: hippocampus_019 completed.
[21:00:29]   - Cleanup done. Memory ready for next subject.
[21:00:29] 
>>> [12/260] STARTING: hippocampus_020
[21:00:29]   - Loading volume...
[21:00:29]   - STEP 1: SegPostProcess (Cleaning labels)...
[21:00:29]   - STEP 2: GenParaMesh (Creating spherical mesh)...
[21:00:30]   - STEP 3: ParaToSPHARMMesh (Computing PDM)...
[21:00:31]   - SUCCESS: hippocampus_020 completed.
[21:00:31]   - Cleanup done. Memory ready for next subject.
[21:00:31] 
>>> [13/260] STARTING: hippocampus_023
[21:00:31]   - Loading volume...
[21:00:31]   - STEP 1: SegPostProcess (Cleaning labels)...
[21:00:31]   - STEP 2: GenParaMesh (Creating spherical mesh)...
[21:00:32]   - STEP 3: ParaToSPHARMMesh (Computing PDM)...
[21:00:33]   - SUCCESS: hippocampus_023 completed.
[21:00:33]   - Cleanup done. Memory ready for next subject.
[21:00:33] 
>>> [14/260] STARTING: hippocampus_024
[21:00:33]   - Loading volume...
[21:00:33]   - STEP 1: SegPostProcess (Cleaning labels)...
[21:00:33]   - STEP 2: GenParaMesh (Creating spherical mesh)...
[21:00:33]   - STEP 3: ParaToSPHARMMesh (Computing PDM)...
[21:00:34]   - SUCCESS: hippocampus_024 completed.
[21:00:34]   - Cleanup done. Memory ready for next subject.
[21:00:34] 
>>> [15/260] STARTING: hippocampus_025
[21:00:34]   - Loading volume...
[21:00:34]   - STEP 1: SegPostProcess (Cleaning labels)...
[21:00:34]   - STEP 2: GenParaMesh (Creating spherical mesh)...
[21:00:35]   - STEP 3: ParaToSPHARMMesh (Computing PDM)...
[21:00:36]   - SUCCESS: hippocampus_025 completed.
[21:00:36]   - Cleanup done. Memory ready for next subject.
[21:00:36] 
>>> [16/260] STARTING: hippocampus_026
[21:00:36]   - Loading volume...
[21:00:36]   - STEP 1: SegPostProcess (Cleaning labels)...
[21:00:36]   - STEP 2: GenParaMesh (Creating spherical mesh)...
[21:00:37]   - STEP 3: ParaToSPHARMMesh (Computing PDM)...
[21:00:37]   - SUCCESS: hippocampus_026 completed.
[21:00:37]   - Cleanup done. Memory ready for next subject.
[21:00:37] 
>>> [17/260] STARTING: hippocampus_033
[21:00:37]   - Loading volume...
[21:00:37]   - STEP 1: SegPostProcess (Cleaning labels)...
[21:00:37]   - STEP 2: GenParaMesh (Creating spherical mesh)...
[21:00:38]   - STEP 3: ParaToSPHARMMesh (Computing PDM)...
[21:00:39]   - SUCCESS: hippocampus_033 completed.
[21:00:39]   - Cleanup done. Memory ready for next subject.
[21:00:39] 
>>> [18/260] STARTING: hippocampus_034
[21:00:39]   - Loading volume...
[21:00:39]   - STEP 1: SegPostProcess (Cleaning labels)...
[21:00:39]   - STEP 2: GenParaMesh (Creating spherical mesh)...
[21:00:40]   - STEP 3: ParaToSPHARMMesh (Computing PDM)...
[21:00:41]   - SUCCESS: hippocampus_034 completed.
[21:00:41]   - Cleanup done. Memory ready for next subject.
[21:00:41] 
>>> [19/260] STARTING: hippocampus_035
[21:00:41]   - Loading volume...
[21:00:41]   - STEP 1: SegPostProcess (Cleaning labels)...
[21:00:41]   - STEP 2: GenParaMesh (Creating spherical mesh)...
[21:00:42]   - STEP 3: ParaToSPHARMMesh (Computing PDM)...
[21:00:42]   - SUCCESS: hippocampus_035 completed.
[21:00:42]   - Cleanup done. Memory ready for next subject.
[21:00:42] 
>>> [20/260] STARTING: hippocampus_036
[21:00:42]   - Loading volume...
[21:00:42]   - STEP 1: SegPostProcess (Cleaning labels)...
[21:00:42]   - STEP 2: GenParaMesh (Creating spherical mesh)...
[21:00:43]   - STEP 3: ParaToSPHARMMesh (Computing PDM)...
[21:00:44]   - SUCCESS: hippocampus_036 completed.
[21:00:44]   - Cleanup done. Memory ready for next subject.
[21:00:44] 
>>> [21/260] STARTING: hippocampus_037
[21:00:44]   - Loading volume...
[21:00:44]   - STEP 1: SegPostProcess (Cleaning labels)...
[21:00:44]   - STEP 2: GenParaMesh (Creating spherical mesh)...
[21:00:45]   - STEP 3: ParaToSPHARMMesh (Computing PDM)...
[21:00:46]   - SUCCESS: hippocampus_037 completed.
[21:00:46]   - Cleanup done. Memory ready for next subject.
[21:00:46] 
>>> [22/260] STARTING: hippocampus_038
[21:00:46]   - Loading volume...
[21:00:46]   - STEP 1: SegPostProcess (Cleaning labels)...
[21:00:46]   - STEP 2: GenParaMesh (Creating spherical mesh)...
[21:00:47]   - STEP 3: ParaToSPHARMMesh (Computing PDM)...
[21:00:48]   - SUCCESS: hippocampus_038 completed.
[21:00:48]   - Cleanup done. Memory ready for next subject.
[21:00:48] 
>>> [23/260] STARTING: hippocampus_039
[21:00:48]   - Loading volume...
[21:00:48]   - STEP 1: SegPostProcess (Cleaning labels)...
[21:00:48]   - STEP 2: GenParaMesh (Creating spherical mesh)...
[21:00:49]   - STEP 3: ParaToSPHARMMesh (Computing PDM)...
[21:00:49]   - SUCCESS: hippocampus_039 completed.
[21:00:49]   - Cleanup done. Memory ready for next subject.
[21:00:49] 
>>> [24/260] STARTING: hippocampus_040
[21:00:49]   - Loading volume...
[21:00:49]   - STEP 1: SegPostProcess (Cleaning labels)...
[21:00:49]   - STEP 2: GenParaMesh (Creating spherical mesh)...
[21:00:50]   - STEP 3: ParaToSPHARMMesh (Computing PDM)...
[21:00:51]   - SUCCESS: hippocampus_040 completed.
[21:00:51]   - Cleanup done. Memory ready for next subject.
[21:00:51] 
>>> [25/260] STARTING: hippocampus_041
[21:00:51]   - Loading volume...
[21:00:51]   - STEP 1: SegPostProcess (Cleaning labels)...
[21:00:51]   - STEP 2: GenParaMesh (Creating spherical mesh)...
[21:00:52]   - STEP 3: ParaToSPHARMMesh (Computing PDM)...
[21:00:53]   - SUCCESS: hippocampus_041 completed.
[21:00:53]   - Cleanup done. Memory ready for next subject.
[21:00:53] 
>>> [26/260] STARTING: hippocampus_042
[21:00:53]   - Loading volume...
[21:00:53]   - STEP 1: SegPostProcess (Cleaning labels)...
[21:00:53]   - STEP 2: GenParaMesh (Creating spherical mesh)...
[21:00:54]   - STEP 3: ParaToSPHARMMesh (Computing PDM)...
[21:00:54]   - SUCCESS: hippocampus_042 completed.
[21:00:54]   - Cleanup done. Memory ready for next subject.
[21:00:54] 
>>> [27/260] STARTING: hippocampus_044
[21:00:54]   - Loading volume...
[21:00:54]   - STEP 1: SegPostProcess (Cleaning labels)...
[21:00:55]   - STEP 2: GenParaMesh (Creating spherical mesh)...
[21:00:55]   - STEP 3: ParaToSPHARMMesh (Computing PDM)...
[21:00:56]   - SUCCESS: hippocampus_044 completed.
[21:00:56]   - Cleanup done. Memory ready for next subject.
[21:00:56] 
>>> [28/260] STARTING: hippocampus_045
[21:00:56]   - Loading volume...
[21:00:56]   - STEP 1: SegPostProcess (Cleaning labels)...
[21:00:56]   - STEP 2: GenParaMesh (Creating spherical mesh)...
[21:00:57]   - STEP 3: ParaToSPHARMMesh (Computing PDM)...
[21:00:57]   - SUCCESS: hippocampus_045 completed.
[21:00:57]   - Cleanup done. Memory ready for next subject.
[21:00:57] 
>>> [29/260] STARTING: hippocampus_046
[21:00:57]   - Loading volume...
[21:00:57]   - STEP 1: SegPostProcess (Cleaning labels)...
[21:00:57]   - STEP 2: GenParaMesh (Creating spherical mesh)...
[21:00:58]   - STEP 3: ParaToSPHARMMesh (Computing PDM)...
[21:00:59]   - SUCCESS: hippocampus_046 completed.
[21:00:59]   - Cleanup done. Memory ready for next subject.
[21:00:59] 
>>> [30/260] STARTING: hippocampus_048
[21:00:59]   - Loading volume...
[21:00:59]   - STEP 1: SegPostProcess (Cleaning labels)...
[21:00:59]   - STEP 2: GenParaMesh (Creating spherical mesh)...
[21:01:00]   - STEP 3: ParaToSPHARMMesh (Computing PDM)...
[21:01:01]   - SUCCESS: hippocampus_048 completed.
[21:01:01]   - Cleanup done. Memory ready for next subject.
[21:01:01] 
>>> [31/260] STARTING: hippocampus_049
[21:01:01]   - Loading volume...
[21:01:01]   - STEP 1: SegPostProcess (Cleaning labels)...
[21:01:01]   - STEP 2: GenParaMesh (Creating spherical mesh)...
[21:01:01]   - STEP 3: ParaToSPHARMMesh (Computing PDM)...
[21:01:02]   - SUCCESS: hippocampus_049 completed.
[21:01:02]   - Cleanup done. Memory ready for next subject.
[21:01:02] 
>>> [32/260] STARTING: hippocampus_050
[21:01:02]   - Loading volume...
[21:01:02]   - STEP 1: SegPostProcess (Cleaning labels)...
[21:01:02]   - STEP 2: GenParaMesh (Creating spherical mesh)...
[21:01:03]   - STEP 3: ParaToSPHARMMesh (Computing PDM)...
[21:01:04]   - SUCCESS: hippocampus_050 completed.
[21:01:04]   - Cleanup done. Memory ready for next subject.
[21:01:04] 
>>> [33/260] STARTING: hippocampus_051
[21:01:04]   - Loading volume...
[21:01:04]   - STEP 1: SegPostProcess (Cleaning labels)...
[21:01:04]   - STEP 2: GenParaMesh (Creating spherical mesh)...
[21:01:05]   - STEP 3: ParaToSPHARMMesh (Computing PDM)...
[21:01:05]   - SUCCESS: hippocampus_051 completed.
[21:01:05]   - Cleanup done. Memory ready for next subject.
[21:01:05] 
>>> [34/260] STARTING: hippocampus_052
[21:01:05]   - Loading volume...
[21:01:05]   - STEP 1: SegPostProcess (Cleaning labels)...
[21:01:05]   - STEP 2: GenParaMesh (Creating spherical mesh)...
[21:01:06]   - STEP 3: ParaToSPHARMMesh (Computing PDM)...
[21:01:07]   - SUCCESS: hippocampus_052 completed.
[21:01:07]   - Cleanup done. Memory ready for next subject.
[21:01:07] 
>>> [35/260] STARTING: hippocampus_053
[21:01:07]   - Loading volume...
[21:01:07]   - STEP 1: SegPostProcess (Cleaning labels)...
[21:01:07]   - STEP 2: GenParaMesh (Creating spherical mesh)...
[21:01:08]   - STEP 3: ParaToSPHARMMesh (Computing PDM)...
[21:01:08]   - SUCCESS: hippocampus_053 completed.
[21:01:08]   - Cleanup done. Memory ready for next subject.
[21:01:08] 
>>> [36/260] STARTING: hippocampus_056
[21:01:08]   - Loading volume...
[21:01:08]   - STEP 1: SegPostProcess (Cleaning labels)...
[21:01:09]   - STEP 2: GenParaMesh (Creating spherical mesh)...
[21:01:09]   - STEP 3: ParaToSPHARMMesh (Computing PDM)...
[21:01:10]   - SUCCESS: hippocampus_056 completed.
[21:01:10]   - Cleanup done. Memory ready for next subject.
[21:01:10] 
>>> [37/260] STARTING: hippocampus_057
[21:01:10]   - Loading volume...
[21:01:10]   - STEP 1: SegPostProcess (Cleaning labels)...
[21:01:10]   - STEP 2: GenParaMesh (Creating spherical mesh)...
[21:01:11]   - STEP 3: ParaToSPHARMMesh (Computing PDM)...
[21:01:12]   - SUCCESS: hippocampus_057 completed.
[21:01:12]   - Cleanup done. Memory ready for next subject.
[21:01:12] 
>>> [38/260] STARTING: hippocampus_058
[21:01:12]   - Loading volume...
[21:01:12]   - STEP 1: SegPostProcess (Cleaning labels)...
[21:01:12]   - STEP 2: GenParaMesh (Creating spherical mesh)...
[21:01:12]   - STEP 3: ParaToSPHARMMesh (Computing PDM)...
[21:01:13]   - SUCCESS: hippocampus_058 completed.
[21:01:13]   - Cleanup done. Memory ready for next subject.
[21:01:13] 
>>> [39/260] STARTING: hippocampus_060
[21:01:13]   - Loading volume...
[21:01:13]   - STEP 1: SegPostProcess (Cleaning labels)...
[21:01:13]   - STEP 2: GenParaMesh (Creating spherical mesh)...
[21:01:14]   - STEP 3: ParaToSPHARMMesh (Computing PDM)...
[21:01:15]   - SUCCESS: hippocampus_060 completed.
[21:01:15]   - Cleanup done. Memory ready for next subject.
[21:01:15] 
>>> [40/260] STARTING: hippocampus_064
[21:01:15]   - Loading volume...
[21:01:15]   - STEP 1: SegPostProcess (Cleaning labels)...
[21:01:15]   - STEP 2: GenParaMesh (Creating spherical mesh)...
[21:01:16]   - STEP 3: ParaToSPHARMMesh (Computing PDM)...
[21:01:16]   - SUCCESS: hippocampus_064 completed.
[21:01:16]   - Cleanup done. Memory ready for next subject.
[21:01:16] 
>>> [41/260] STARTING: hippocampus_065
[21:01:16]   - Loading volume...
[21:01:16]   - STEP 1: SegPostProcess (Cleaning labels)...
[21:01:17]   - STEP 2: GenParaMesh (Creating spherical mesh)...
[21:01:17]   - STEP 3: ParaToSPHARMMesh (Computing PDM)...
[21:01:18]   - SUCCESS: hippocampus_065 completed.
[21:01:18]   - Cleanup done. Memory ready for next subject.
[21:01:18] 
>>> [42/260] STARTING: hippocampus_067
[21:01:18]   - Loading volume...
[21:01:18]   - STEP 1: SegPostProcess (Cleaning labels)...
[21:01:18]   - STEP 2: GenParaMesh (Creating spherical mesh)...
[21:01:19]   - STEP 3: ParaToSPHARMMesh (Computing PDM)...
[21:01:19]   - SUCCESS: hippocampus_067 completed.
[21:01:19]   - Cleanup done. Memory ready for next subject.
[21:01:19] 
>>> [43/260] STARTING: hippocampus_068
[21:01:19]   - Loading volume...
[21:01:19]   - STEP 1: SegPostProcess (Cleaning labels)...
[21:01:19]   - STEP 2: GenParaMesh (Creating spherical mesh)...
[21:01:20]   - STEP 3: ParaToSPHARMMesh (Computing PDM)...
[21:01:21]   - SUCCESS: hippocampus_068 completed.
[21:01:21]   - Cleanup done. Memory ready for next subject.
[21:01:21] 
>>> [44/260] STARTING: hippocampus_070
[21:01:21]   - Loading volume...
[21:01:21]   - STEP 1: SegPostProcess (Cleaning labels)...
[21:01:21]   - STEP 2: GenParaMesh (Creating spherical mesh)...
[21:01:22]   - STEP 3: ParaToSPHARMMesh (Computing PDM)...
[21:01:22]   - SUCCESS: hippocampus_070 completed.
[21:01:22]   - Cleanup done. Memory ready for next subject.
[21:01:22] 
>>> [45/260] STARTING: hippocampus_074
[21:01:22]   - Loading volume...
[21:01:22]   - STEP 1: SegPostProcess (Cleaning labels)...
[21:01:22]   - STEP 2: GenParaMesh (Creating spherical mesh)...
[21:01:23]   - STEP 3: ParaToSPHARMMesh (Computing PDM)...
[21:01:24]   - SUCCESS: hippocampus_074 completed.
[21:01:24]   - Cleanup done. Memory ready for next subject.
[21:01:24] 
>>> [46/260] STARTING: hippocampus_075
[21:01:24]   - Loading volume...
[21:01:24]   - STEP 1: SegPostProcess (Cleaning labels)...
[21:01:24]   - STEP 2: GenParaMesh (Creating spherical mesh)...
[21:01:24]   - STEP 3: ParaToSPHARMMesh (Computing PDM)...
[21:01:25]   - SUCCESS: hippocampus_075 completed.
[21:01:25]   - Cleanup done. Memory ready for next subject.
[21:01:25] 
>>> [47/260] STARTING: hippocampus_077
[21:01:25]   - Loading volume...
[21:01:25]   - STEP 1: SegPostProcess (Cleaning labels)...
[21:01:25]   - STEP 2: GenParaMesh (Creating spherical mesh)...
[21:01:26]   - STEP 3: ParaToSPHARMMesh (Computing PDM)...
[21:01:27]   - SUCCESS: hippocampus_077 completed.
[21:01:27]   - Cleanup done. Memory ready for next subject.
[21:01:27] 
>>> [48/260] STARTING: hippocampus_083
[21:01:27]   - Loading volume...
[21:01:27]   - STEP 1: SegPostProcess (Cleaning labels)...
[21:01:27]   - STEP 2: GenParaMesh (Creating spherical mesh)...
[21:01:27]   - STEP 3: ParaToSPHARMMesh (Computing PDM)...
[21:01:28]   - SUCCESS: hippocampus_083 completed.
[21:01:28]   - Cleanup done. Memory ready for next subject.
[21:01:28] 
>>> [49/260] STARTING: hippocampus_084
[21:01:28]   - Loading volume...
[21:01:28]   - STEP 1: SegPostProcess (Cleaning labels)...
[21:01:28]   - STEP 2: GenParaMesh (Creating spherical mesh)...
[21:01:29]   - STEP 3: ParaToSPHARMMesh (Computing PDM)...
[21:01:29]   - SUCCESS: hippocampus_084 completed.
[21:01:29]   - Cleanup done. Memory ready for next subject.
[21:01:29] 
>>> [50/260] STARTING: hippocampus_087
[21:01:29]   - Loading volume...
[21:01:29]   - STEP 1: SegPostProcess (Cleaning labels)...
[21:01:30]   - STEP 2: GenParaMesh (Creating spherical mesh)...
[21:01:30]   - STEP 3: ParaToSPHARMMesh (Computing PDM)...
[21:01:31]   - SUCCESS: hippocampus_087 completed.
[21:01:31]   - Cleanup done. Memory ready for next subject.
[21:01:31] 
>>> [51/260] STARTING: hippocampus_088
[21:01:31]   - Loading volume...
[21:01:31]   - STEP 1: SegPostProcess (Cleaning labels)...
[21:01:31]   - STEP 2: GenParaMesh (Creating spherical mesh)...
[21:01:32]   - STEP 3: ParaToSPHARMMesh (Computing PDM)...
[21:01:33]   - SUCCESS: hippocampus_088 completed.
[21:01:33]   - Cleanup done. Memory ready for next subject.
[21:01:33] 
>>> [52/260] STARTING: hippocampus_089
[21:01:33]   - Loading volume...
[21:01:33]   - STEP 1: SegPostProcess (Cleaning labels)...
[21:01:33]   - STEP 2: GenParaMesh (Creating spherical mesh)...
[21:01:33]   - STEP 3: ParaToSPHARMMesh (Computing PDM)...
[21:01:34]   - SUCCESS: hippocampus_089 completed.
[21:01:34]   - Cleanup done. Memory ready for next subject.
[21:01:34] 
>>> [53/260] STARTING: hippocampus_090
[21:01:34]   - Loading volume...
[21:01:34]   - STEP 1: SegPostProcess (Cleaning labels)...
[21:01:34]   - STEP 2: GenParaMesh (Creating spherical mesh)...
[21:01:35]   - STEP 3: ParaToSPHARMMesh (Computing PDM)...
[21:01:36]   - SUCCESS: hippocampus_090 completed.
[21:01:36]   - Cleanup done. Memory ready for next subject.
[21:01:36] 
>>> [54/260] STARTING: hippocampus_091
[21:01:36]   - Loading volume...
[21:01:36]   - STEP 1: SegPostProcess (Cleaning labels)...
[21:01:36]   - STEP 2: GenParaMesh (Creating spherical mesh)...
[21:01:37]   - STEP 3: ParaToSPHARMMesh (Computing PDM)...
[21:01:37]   - SUCCESS: hippocampus_091 completed.
[21:01:37]   - Cleanup done. Memory ready for next subject.
[21:01:37] 
>>> [55/260] STARTING: hippocampus_092
[21:01:37]   - Loading volume...
[21:01:37]   - STEP 1: SegPostProcess (Cleaning labels)...
[21:01:37]   - STEP 2: GenParaMesh (Creating spherical mesh)...
[21:01:38]   - STEP 3: ParaToSPHARMMesh (Computing PDM)...
[21:01:39]   - SUCCESS: hippocampus_092 completed.
[21:01:39]   - Cleanup done. Memory ready for next subject.
[21:01:39] 
>>> [56/260] STARTING: hippocampus_093
[21:01:39]   - Loading volume...
[21:01:39]   - STEP 1: SegPostProcess (Cleaning labels)...
[21:01:39]   - STEP 2: GenParaMesh (Creating spherical mesh)...
[21:01:40]   - STEP 3: ParaToSPHARMMesh (Computing PDM)...
[21:01:40]   - SUCCESS: hippocampus_093 completed.
[21:01:40]   - Cleanup done. Memory ready for next subject.
[21:01:40] 
>>> [57/260] STARTING: hippocampus_094
[21:01:40]   - Loading volume...
[21:01:40]   - STEP 1: SegPostProcess (Cleaning labels)...
[21:01:41]   - STEP 2: GenParaMesh (Creating spherical mesh)...
[21:01:42]   - STEP 3: ParaToSPHARMMesh (Computing PDM)...
[21:01:42]   - SUCCESS: hippocampus_094 completed.
[21:01:42]   - Cleanup done. Memory ready for next subject.
[21:01:42] 
>>> [58/260] STARTING: hippocampus_095
[21:01:42]   - Loading volume...
[21:01:42]   - STEP 1: SegPostProcess (Cleaning labels)...
[21:01:43]   - STEP 2: GenParaMesh (Creating spherical mesh)...
[21:01:44]   - STEP 3: ParaToSPHARMMesh (Computing PDM)...
[21:01:44]   - SUCCESS: hippocampus_095 completed.
[21:01:44]   - Cleanup done. Memory ready for next subject.
[21:01:44] 
>>> [59/260] STARTING: hippocampus_096
[21:01:44]   - Loading volume...
[21:01:44]   - STEP 1: SegPostProcess (Cleaning labels)...
[21:01:44]   - STEP 2: GenParaMesh (Creating spherical mesh)...
[21:01:45]   - STEP 3: ParaToSPHARMMesh (Computing PDM)...
[21:01:46]   - SUCCESS: hippocampus_096 completed.
[21:01:46]   - Cleanup done. Memory ready for next subject.
[21:01:46] 
>>> [60/260] STARTING: hippocampus_097
[21:01:46]   - Loading volume...
[21:01:46]   - STEP 1: SegPostProcess (Cleaning labels)...
[21:01:46]   - STEP 2: GenParaMesh (Creating spherical mesh)...
[21:01:47]   - STEP 3: ParaToSPHARMMesh (Computing PDM)...
[21:01:47]   - SUCCESS: hippocampus_097 completed.
[21:01:47]   - Cleanup done. Memory ready for next subject.
[21:01:47] 
>>> [61/260] STARTING: hippocampus_098
[21:01:47]   - Loading volume...
[21:01:47]   - STEP 1: SegPostProcess (Cleaning labels)...
[21:01:47]   - STEP 2: GenParaMesh (Creating spherical mesh)...
[21:01:48]   - STEP 3: ParaToSPHARMMesh (Computing PDM)...
[21:01:49]   - SUCCESS: hippocampus_098 completed.
[21:01:49]   - Cleanup done. Memory ready for next subject.
[21:01:49] 
>>> [62/260] STARTING: hippocampus_099
[21:01:49]   - Loading volume...
[21:01:49]   - STEP 1: SegPostProcess (Cleaning labels)...
[21:01:49]   - STEP 2: GenParaMesh (Creating spherical mesh)...
[21:01:49]   - STEP 3: ParaToSPHARMMesh (Computing PDM)...
[21:01:50]   - SUCCESS: hippocampus_099 completed.
[21:01:50]   - Cleanup done. Memory ready for next subject.
[21:01:50] 
>>> [63/260] STARTING: hippocampus_101
[21:01:50]   - Loading volume...
[21:01:50]   - STEP 1: SegPostProcess (Cleaning labels)...
[21:01:50]   - STEP 2: GenParaMesh (Creating spherical mesh)...
[21:01:51]   - STEP 3: ParaToSPHARMMesh (Computing PDM)...
[21:01:52]   - SUCCESS: hippocampus_101 completed.
[21:01:52]   - Cleanup done. Memory ready for next subject.
[21:01:52] 
>>> [64/260] STARTING: hippocampus_102
[21:01:52]   - Loading volume...
[21:01:52]   - STEP 1: SegPostProcess (Cleaning labels)...
[21:01:52]   - STEP 2: GenParaMesh (Creating spherical mesh)...
[21:01:53]   - STEP 3: ParaToSPHARMMesh (Computing PDM)...
[21:01:54]   - SUCCESS: hippocampus_102 completed.
[21:01:54]   - Cleanup done. Memory ready for next subject.
[21:01:54] 
>>> [65/260] STARTING: hippocampus_104
[21:01:54]   - Loading volume...
[21:01:54]   - STEP 1: SegPostProcess (Cleaning labels)...
[21:01:54]   - STEP 2: GenParaMesh (Creating spherical mesh)...
[21:01:55]   - STEP 3: ParaToSPHARMMesh (Computing PDM)...
[21:01:56]   - SUCCESS: hippocampus_104 completed.
[21:01:56]   - Cleanup done. Memory ready for next subject.
[21:01:56] 
>>> [66/260] STARTING: hippocampus_105
[21:01:56]   - Loading volume...
[21:01:56]   - STEP 1: SegPostProcess (Cleaning labels)...
[21:01:56]   - STEP 2: GenParaMesh (Creating spherical mesh)...
[21:01:57]   - STEP 3: ParaToSPHARMMesh (Computing PDM)...
[21:01:57]   - SUCCESS: hippocampus_105 completed.
[21:01:57]   - Cleanup done. Memory ready for next subject.
[21:01:57] 
>>> [67/260] STARTING: hippocampus_106
[21:01:57]   - Loading volume...
[21:01:57]   - STEP 1: SegPostProcess (Cleaning labels)...
[21:01:57]   - STEP 2: GenParaMesh (Creating spherical mesh)...
[21:01:58]   - STEP 3: ParaToSPHARMMesh (Computing PDM)...
[21:01:59]   - SUCCESS: hippocampus_106 completed.
[21:01:59]   - Cleanup done. Memory ready for next subject.
[21:01:59] 
>>> [68/260] STARTING: hippocampus_107
[21:01:59]   - Loading volume...
[21:01:59]   - STEP 1: SegPostProcess (Cleaning labels)...
[21:01:59]   - STEP 2: GenParaMesh (Creating spherical mesh)...
[21:02:00]   - STEP 3: ParaToSPHARMMesh (Computing PDM)...
[21:02:00]   - SUCCESS: hippocampus_107 completed.
[21:02:00]   - Cleanup done. Memory ready for next subject.
[21:02:00] 
>>> [69/260] STARTING: hippocampus_108
[21:02:00]   - Loading volume...
[21:02:01]   - STEP 1: SegPostProcess (Cleaning labels)...
[21:02:01]   - STEP 2: GenParaMesh (Creating spherical mesh)...
[21:02:02]   - STEP 3: ParaToSPHARMMesh (Computing PDM)...
[21:02:02]   - SUCCESS: hippocampus_108 completed.
[21:02:02]   - Cleanup done. Memory ready for next subject.
[21:02:02] 
>>> [70/260] STARTING: hippocampus_109
[21:02:02]   - Loading volume...
[21:02:02]   - STEP 1: SegPostProcess (Cleaning labels)...
[21:02:03]   - STEP 2: GenParaMesh (Creating spherical mesh)...
[21:02:03]   - STEP 3: ParaToSPHARMMesh (Computing PDM)...
[21:02:04]   - SUCCESS: hippocampus_109 completed.
[21:02:04]   - Cleanup done. Memory ready for next subject.
[21:02:04] 
>>> [71/260] STARTING: hippocampus_114
[21:02:04]   - Loading volume...
[21:02:04]   - STEP 1: SegPostProcess (Cleaning labels)...
[21:02:04]   - STEP 2: GenParaMesh (Creating spherical mesh)...
[21:02:05]   - STEP 3: ParaToSPHARMMesh (Computing PDM)...
[21:02:06]   - SUCCESS: hippocampus_114 completed.
[21:02:06]   - Cleanup done. Memory ready for next subject.
[21:02:06] 
>>> [72/260] STARTING: hippocampus_123
[21:02:06]   - Loading volume...
[21:02:06]   - STEP 1: SegPostProcess (Cleaning labels)...
[21:02:06]   - STEP 2: GenParaMesh (Creating spherical mesh)...
[21:02:07]   - STEP 3: ParaToSPHARMMesh (Computing PDM)...
[21:02:07]   - SUCCESS: hippocampus_123 completed.
[21:02:07]   - Cleanup done. Memory ready for next subject.
[21:02:07] 
>>> [73/260] STARTING: hippocampus_124
[21:02:07]   - Loading volume...
[21:02:07]   - STEP 1: SegPostProcess (Cleaning labels)...
[21:02:08]   - STEP 2: GenParaMesh (Creating spherical mesh)...
[21:02:08]   - STEP 3: ParaToSPHARMMesh (Computing PDM)...
[21:02:09]   - SUCCESS: hippocampus_124 completed.
[21:02:09]   - Cleanup done. Memory ready for next subject.
[21:02:09] 
>>> [74/260] STARTING: hippocampus_125
[21:02:09]   - Loading volume...
[21:02:09]   - STEP 1: SegPostProcess (Cleaning labels)...
[21:02:09]   - STEP 2: GenParaMesh (Creating spherical mesh)...
[21:02:10]   - STEP 3: ParaToSPHARMMesh (Computing PDM)...
[21:02:10]   - SUCCESS: hippocampus_125 completed.
[21:02:10]   - Cleanup done. Memory ready for next subject.
[21:02:10] 
>>> [75/260] STARTING: hippocampus_126
[21:02:10]   - Loading volume...
[21:02:10]   - STEP 1: SegPostProcess (Cleaning labels)...
[21:02:10]   - STEP 2: GenParaMesh (Creating spherical mesh)...
[21:02:11]   - STEP 3: ParaToSPHARMMesh (Computing PDM)...
[21:02:12]   - SUCCESS: hippocampus_126 completed.
[21:02:12]   - Cleanup done. Memory ready for next subject.
[21:02:12] 
>>> [76/260] STARTING: hippocampus_127
[21:02:12]   - Loading volume...
[21:02:12]   - STEP 1: SegPostProcess (Cleaning labels)...
[21:02:12]   - STEP 2: GenParaMesh (Creating spherical mesh)...
[21:02:13]   - STEP 3: ParaToSPHARMMesh (Computing PDM)...
[21:02:14]   - SUCCESS: hippocampus_127 completed.
[21:02:14]   - Cleanup done. Memory ready for next subject.
[21:02:14] 
>>> [77/260] STARTING: hippocampus_130
[21:02:14]   - Loading volume...
[21:02:14]   - STEP 1: SegPostProcess (Cleaning labels)...
[21:02:14]   - STEP 2: GenParaMesh (Creating spherical mesh)...
[21:02:15]   - STEP 3: ParaToSPHARMMesh (Computing PDM)...
[21:02:15]   - SUCCESS: hippocampus_130 completed.
[21:02:15]   - Cleanup done. Memory ready for next subject.
[21:02:15] 
>>> [78/260] STARTING: hippocampus_132
[21:02:15]   - Loading volume...
[21:02:15]   - STEP 1: SegPostProcess (Cleaning labels)...
[21:02:15]   - STEP 2: GenParaMesh (Creating spherical mesh)...
[21:02:16]   - STEP 3: ParaToSPHARMMesh (Computing PDM)...
[21:02:17]   - SUCCESS: hippocampus_132 completed.
[21:02:17]   - Cleanup done. Memory ready for next subject.
[21:02:17] 
>>> [79/260] STARTING: hippocampus_133
[21:02:17]   - Loading volume...
[21:02:17]   - STEP 1: SegPostProcess (Cleaning labels)...
[21:02:17]   - STEP 2: GenParaMesh (Creating spherical mesh)...
[21:02:18]   - STEP 3: ParaToSPHARMMesh (Computing PDM)...
[21:02:18]   - SUCCESS: hippocampus_133 completed.
[21:02:18]   - Cleanup done. Memory ready for next subject.
[21:02:18] 
>>> [80/260] STARTING: hippocampus_135
[21:02:18]   - Loading volume...
[21:02:18]   - STEP 1: SegPostProcess (Cleaning labels)...
[21:02:19]   - STEP 2: GenParaMesh (Creating spherical mesh)...
[21:02:19]   - STEP 3: ParaToSPHARMMesh (Computing PDM)...
[21:02:20]   - SUCCESS: hippocampus_135 completed.
[21:02:20]   - Cleanup done. Memory ready for next subject.
[21:02:20] 
>>> [81/260] STARTING: hippocampus_136
[21:02:20]   - Loading volume...
[21:02:20]   - STEP 1: SegPostProcess (Cleaning labels)...
[21:02:20]   - STEP 2: GenParaMesh (Creating spherical mesh)...
[21:02:21]   - STEP 3: ParaToSPHARMMesh (Computing PDM)...
[21:02:21]   - SUCCESS: hippocampus_136 completed.
[21:02:21]   - Cleanup done. Memory ready for next subject.
[21:02:21] 
>>> [82/260] STARTING: hippocampus_138
[21:02:21]   - Loading volume...
[21:02:21]   - STEP 1: SegPostProcess (Cleaning labels)...
[21:02:21]   - STEP 2: GenParaMesh (Creating spherical mesh)...
[21:02:22]   - STEP 3: ParaToSPHARMMesh (Computing PDM)...
[21:02:23]   - SUCCESS: hippocampus_138 completed.
[21:02:23]   - Cleanup done. Memory ready for next subject.
[21:02:23] 
>>> [83/260] STARTING: hippocampus_141
[21:02:23]   - Loading volume...
[21:02:23]   - STEP 1: SegPostProcess (Cleaning labels)...
[21:02:23]   - STEP 2: GenParaMesh (Creating spherical mesh)...
[21:02:23]   - STEP 3: ParaToSPHARMMesh (Computing PDM)...
[21:02:24]   - SUCCESS: hippocampus_141 completed.
[21:02:24]   - Cleanup done. Memory ready for next subject.
[21:02:24] 
>>> [84/260] STARTING: hippocampus_142
[21:02:24]   - Loading volume...
[21:02:24]   - STEP 1: SegPostProcess (Cleaning labels)...
[21:02:24]   - STEP 2: GenParaMesh (Creating spherical mesh)...
[21:02:24]   - STEP 3: ParaToSPHARMMesh (Computing PDM)...
[21:02:25]   - SUCCESS: hippocampus_142 completed.
[21:02:25]   - Cleanup done. Memory ready for next subject.
[21:02:25] 
>>> [85/260] STARTING: hippocampus_143
[21:02:25]   - Loading volume...
[21:02:25]   - STEP 1: SegPostProcess (Cleaning labels)...
[21:02:25]   - STEP 2: GenParaMesh (Creating spherical mesh)...
[21:02:26]   - STEP 3: ParaToSPHARMMesh (Computing PDM)...
[21:02:26]   - SUCCESS: hippocampus_143 completed.
[21:02:26]   - Cleanup done. Memory ready for next subject.
[21:02:26] 
>>> [86/260] STARTING: hippocampus_144
[21:02:26]   - Loading volume...
[21:02:27]   - STEP 1: SegPostProcess (Cleaning labels)...
[21:02:27]   - STEP 2: GenParaMesh (Creating spherical mesh)...
[21:02:27]   - STEP 3: ParaToSPHARMMesh (Computing PDM)...
[21:02:28]   - SUCCESS: hippocampus_144 completed.
[21:02:28]   - Cleanup done. Memory ready for next subject.
[21:02:28] 
>>> [87/260] STARTING: hippocampus_145
[21:02:28]   - Loading volume...
[21:02:28]   - STEP 1: SegPostProcess (Cleaning labels)...
[21:02:28]   - STEP 2: GenParaMesh (Creating spherical mesh)...
[21:02:29]   - STEP 3: ParaToSPHARMMesh (Computing PDM)...
[21:02:30]   - SUCCESS: hippocampus_145 completed.
[21:02:30]   - Cleanup done. Memory ready for next subject.
[21:02:30] 
>>> [88/260] STARTING: hippocampus_146
[21:02:30]   - Loading volume...
[21:02:30]   - STEP 1: SegPostProcess (Cleaning labels)...
[21:02:30]   - STEP 2: GenParaMesh (Creating spherical mesh)...
[21:02:31]   - STEP 3: ParaToSPHARMMesh (Computing PDM)...
[21:02:32]   - SUCCESS: hippocampus_146 completed.
[21:02:32]   - Cleanup done. Memory ready for next subject.
[21:02:32] 
>>> [89/260] STARTING: hippocampus_148
[21:02:32]   - Loading volume...
[21:02:32]   - STEP 1: SegPostProcess (Cleaning labels)...
[21:02:32]   - STEP 2: GenParaMesh (Creating spherical mesh)...
[21:02:32]   - STEP 3: ParaToSPHARMMesh (Computing PDM)...
[21:02:33]   - SUCCESS: hippocampus_148 completed.
[21:02:33]   - Cleanup done. Memory ready for next subject.
[21:02:33] 
>>> [90/260] STARTING: hippocampus_149
[21:02:33]   - Loading volume...
[21:02:33]   - STEP 1: SegPostProcess (Cleaning labels)...
[21:02:33]   - STEP 2: GenParaMesh (Creating spherical mesh)...
[21:02:34]   - STEP 3: ParaToSPHARMMesh (Computing PDM)...
[21:02:34]   - SUCCESS: hippocampus_149 completed.
[21:02:34]   - Cleanup done. Memory ready for next subject.
[21:02:34] 
>>> [91/260] STARTING: hippocampus_150
[21:02:34]   - Loading volume...
[21:02:34]   - STEP 1: SegPostProcess (Cleaning labels)...
[21:02:34]   - STEP 2: GenParaMesh (Creating spherical mesh)...
[21:02:35]   - STEP 3: ParaToSPHARMMesh (Computing PDM)...
[21:02:36]   - SUCCESS: hippocampus_150 completed.
[21:02:36]   - Cleanup done. Memory ready for next subject.
[21:02:36] 
>>> [92/260] STARTING: hippocampus_152
[21:02:36]   - Loading volume...
[21:02:36]   - STEP 1: SegPostProcess (Cleaning labels)...
[21:02:36]   - STEP 2: GenParaMesh (Creating spherical mesh)...
[21:02:37]   - STEP 3: ParaToSPHARMMesh (Computing PDM)...
[21:02:38]   - SUCCESS: hippocampus_152 completed.
[21:02:38]   - Cleanup done. Memory ready for next subject.
[21:02:38] 
>>> [93/260] STARTING: hippocampus_154
[21:02:38]   - Loading volume...
[21:02:38]   - STEP 1: SegPostProcess (Cleaning labels)...
[21:02:38]   - STEP 2: GenParaMesh (Creating spherical mesh)...
[21:02:38]   - STEP 3: ParaToSPHARMMesh (Computing PDM)...
[21:02:39]   - SUCCESS: hippocampus_154 completed.
[21:02:39]   - Cleanup done. Memory ready for next subject.
[21:02:39] 
>>> [94/260] STARTING: hippocampus_155
[21:02:39]   - Loading volume...
[21:02:39]   - STEP 1: SegPostProcess (Cleaning labels)...
[21:02:39]   - STEP 2: GenParaMesh (Creating spherical mesh)...
[21:02:40]   - STEP 3: ParaToSPHARMMesh (Computing PDM)...
[21:02:41]   - SUCCESS: hippocampus_155 completed.
[21:02:41]   - Cleanup done. Memory ready for next subject.
[21:02:41] 
>>> [95/260] STARTING: hippocampus_156
[21:02:41]   - Loading volume...
[21:02:41]   - STEP 1: SegPostProcess (Cleaning labels)...
[21:02:41]   - STEP 2: GenParaMesh (Creating spherical mesh)...
[21:02:42]   - STEP 3: ParaToSPHARMMesh (Computing PDM)...
[21:02:43]   - SUCCESS: hippocampus_156 completed.
[21:02:43]   - Cleanup done. Memory ready for next subject.
[21:02:43] 
>>> [96/260] STARTING: hippocampus_157
[21:02:43]   - Loading volume...
[21:02:43]   - STEP 1: SegPostProcess (Cleaning labels)...
[21:02:43]   - STEP 2: GenParaMesh (Creating spherical mesh)...
[21:02:44]   - STEP 3: ParaToSPHARMMesh (Computing PDM)...
[21:02:44]   - SUCCESS: hippocampus_157 completed.
[21:02:44]   - Cleanup done. Memory ready for next subject.
[21:02:44] 
>>> [97/260] STARTING: hippocampus_158
[21:02:44]   - Loading volume...
[21:02:44]   - STEP 1: SegPostProcess (Cleaning labels)...
[21:02:44]   - STEP 2: GenParaMesh (Creating spherical mesh)...
[21:02:45]   - STEP 3: ParaToSPHARMMesh (Computing PDM)...
[21:02:46]   - SUCCESS: hippocampus_158 completed.
[21:02:46]   - Cleanup done. Memory ready for next subject.
[21:02:46] 
>>> [98/260] STARTING: hippocampus_160
[21:02:46]   - Loading volume...
[21:02:46]   - STEP 1: SegPostProcess (Cleaning labels)...
[21:02:46]   - STEP 2: GenParaMesh (Creating spherical mesh)...
[21:02:47]   - STEP 3: ParaToSPHARMMesh (Computing PDM)...
[21:02:48]   - SUCCESS: hippocampus_160 completed.
[21:02:48]   - Cleanup done. Memory ready for next subject.
[21:02:48] 
>>> [99/260] STARTING: hippocampus_161
[21:02:48]   - Loading volume...
[21:02:48]   - STEP 1: SegPostProcess (Cleaning labels)...
[21:02:48]   - STEP 2: GenParaMesh (Creating spherical mesh)...
[21:02:49]   - STEP 3: ParaToSPHARMMesh (Computing PDM)...
[21:02:49]   - SUCCESS: hippocampus_161 completed.
[21:02:49]   - Cleanup done. Memory ready for next subject.
[21:02:49] 
>>> [100/260] STARTING: hippocampus_162
[21:02:49]   - Loading volume...
[21:02:49]   - STEP 1: SegPostProcess (Cleaning labels)...
[21:02:49]   - STEP 2: GenParaMesh (Creating spherical mesh)...
[21:02:50]   - STEP 3: ParaToSPHARMMesh (Computing PDM)...
[21:02:51]   - SUCCESS: hippocampus_162 completed.
[21:02:51]   - Cleanup done. Memory ready for next subject.
[21:02:51] 
>>> [101/260] STARTING: hippocampus_163
[21:02:51]   - Loading volume...
[21:02:51]   - STEP 1: SegPostProcess (Cleaning labels)...
[21:02:51]   - STEP 2: GenParaMesh (Creating spherical mesh)...
[21:02:52]   - STEP 3: ParaToSPHARMMesh (Computing PDM)...
[21:02:53]   - SUCCESS: hippocampus_163 completed.
[21:02:53]   - Cleanup done. Memory ready for next subject.
[21:02:53] 
>>> [102/260] STARTING: hippocampus_164
[21:02:53]   - Loading volume...
[21:02:53]   - STEP 1: SegPostProcess (Cleaning labels)...
[21:02:53]   - STEP 2: GenParaMesh (Creating spherical mesh)...
[21:02:54]   - STEP 3: ParaToSPHARMMesh (Computing PDM)...
[21:02:54]   - SUCCESS: hippocampus_164 completed.
[21:02:54]   - Cleanup done. Memory ready for next subject.
[21:02:54] 
>>> [103/260] STARTING: hippocampus_165
[21:02:54]   - Loading volume...
[21:02:54]   - STEP 1: SegPostProcess (Cleaning labels)...
[21:02:54]   - STEP 2: GenParaMesh (Creating spherical mesh)...
[21:02:55]   - STEP 3: ParaToSPHARMMesh (Computing PDM)...
[21:02:56]   - SUCCESS: hippocampus_165 completed.
[21:02:56]   - Cleanup done. Memory ready for next subject.
[21:02:56] 
>>> [104/260] STARTING: hippocampus_166
[21:02:56]   - Loading volume...
[21:02:56]   - STEP 1: SegPostProcess (Cleaning labels)...
[21:02:56]   - STEP 2: GenParaMesh (Creating spherical mesh)...
[21:02:57]   - STEP 3: ParaToSPHARMMesh (Computing PDM)...
[21:02:57]   - SUCCESS: hippocampus_166 completed.
[21:02:57]   - Cleanup done. Memory ready for next subject.
[21:02:57] 
>>> [105/260] STARTING: hippocampus_169
[21:02:57]   - Loading volume...
[21:02:57]   - STEP 1: SegPostProcess (Cleaning labels)...
[21:02:57]   - STEP 2: GenParaMesh (Creating spherical mesh)...
[21:02:58]   - STEP 3: ParaToSPHARMMesh (Computing PDM)...
[21:02:59]   - SUCCESS: hippocampus_169 completed.
[21:02:59]   - Cleanup done. Memory ready for next subject.
[21:02:59] 
>>> [106/260] STARTING: hippocampus_170
[21:02:59]   - Loading volume...
[21:02:59]   - STEP 1: SegPostProcess (Cleaning labels)...
[21:02:59]   - STEP 2: GenParaMesh (Creating spherical mesh)...
[21:03:00]   - STEP 3: ParaToSPHARMMesh (Computing PDM)...
[21:03:00]   - SUCCESS: hippocampus_170 completed.
[21:03:00]   - Cleanup done. Memory ready for next subject.
[21:03:00] 
>>> [107/260] STARTING: hippocampus_171
[21:03:00]   - Loading volume...
[21:03:00]   - STEP 1: SegPostProcess (Cleaning labels)...
[21:03:00]   - STEP 2: GenParaMesh (Creating spherical mesh)...
[21:03:01]   - STEP 3: ParaToSPHARMMesh (Computing PDM)...
[21:03:02]   - SUCCESS: hippocampus_171 completed.
[21:03:02]   - Cleanup done. Memory ready for next subject.
[21:03:02] 
>>> [108/260] STARTING: hippocampus_172
[21:03:02]   - Loading volume...
[21:03:02]   - STEP 1: SegPostProcess (Cleaning labels)...
[21:03:02]   - STEP 2: GenParaMesh (Creating spherical mesh)...
[21:03:03]   - STEP 3: ParaToSPHARMMesh (Computing PDM)...
[21:03:03]   - SUCCESS: hippocampus_172 completed.
[21:03:03]   - Cleanup done. Memory ready for next subject.
[21:03:03] 
>>> [109/260] STARTING: hippocampus_173
[21:03:03]   - Loading volume...
[21:03:04]   - STEP 1: SegPostProcess (Cleaning labels)...
[21:03:04]   - STEP 2: GenParaMesh (Creating spherical mesh)...
[21:03:04]   - STEP 3: ParaToSPHARMMesh (Computing PDM)...
[21:03:05]   - SUCCESS: hippocampus_173 completed.
[21:03:05]   - Cleanup done. Memory ready for next subject.
[21:03:05] 
>>> [110/260] STARTING: hippocampus_174
[21:03:05]   - Loading volume...
[21:03:05]   - STEP 1: SegPostProcess (Cleaning labels)...
[21:03:05]   - STEP 2: GenParaMesh (Creating spherical mesh)...
[21:03:06]   - STEP 3: ParaToSPHARMMesh (Computing PDM)...
[21:03:06]   - SUCCESS: hippocampus_174 completed.
[21:03:06]   - Cleanup done. Memory ready for next subject.
[21:03:06] 
>>> [111/260] STARTING: hippocampus_175
[21:03:06]   - Loading volume...
[21:03:07]   - STEP 1: SegPostProcess (Cleaning labels)...
[21:03:07]   - STEP 2: GenParaMesh (Creating spherical mesh)...
[21:03:07]   - STEP 3: ParaToSPHARMMesh (Computing PDM)...
[21:03:08]   - SUCCESS: hippocampus_175 completed.
[21:03:08]   - Cleanup done. Memory ready for next subject.
[21:03:08] 
>>> [112/260] STARTING: hippocampus_176
[21:03:08]   - Loading volume...
[21:03:08]   - STEP 1: SegPostProcess (Cleaning labels)...
[21:03:08]   - STEP 2: GenParaMesh (Creating spherical mesh)...
[21:03:09]   - STEP 3: ParaToSPHARMMesh (Computing PDM)...
[21:03:10]   - SUCCESS: hippocampus_176 completed.
[21:03:10]   - Cleanup done. Memory ready for next subject.
[21:03:10] 
>>> [113/260] STARTING: hippocampus_177
[21:03:10]   - Loading volume...
[21:03:10]   - STEP 1: SegPostProcess (Cleaning labels)...
[21:03:10]   - STEP 2: GenParaMesh (Creating spherical mesh)...
[21:03:10]   - STEP 3: ParaToSPHARMMesh (Computing PDM)...
[21:03:11]   - SUCCESS: hippocampus_177 completed.
[21:03:11]   - Cleanup done. Memory ready for next subject.
[21:03:11] 
>>> [114/260] STARTING: hippocampus_178
[21:03:11]   - Loading volume...
[21:03:11]   - STEP 1: SegPostProcess (Cleaning labels)...
[21:03:11]   - STEP 2: GenParaMesh (Creating spherical mesh)...
[21:03:12]   - STEP 3: ParaToSPHARMMesh (Computing PDM)...
[21:03:12]   - SUCCESS: hippocampus_178 completed.
[21:03:12]   - Cleanup done. Memory ready for next subject.
[21:03:12] 
>>> [115/260] STARTING: hippocampus_180
[21:03:12]   - Loading volume...
[21:03:12]   - STEP 1: SegPostProcess (Cleaning labels)...
[21:03:13]   - STEP 2: GenParaMesh (Creating spherical mesh)...
[21:03:13]   - STEP 3: ParaToSPHARMMesh (Computing PDM)...
[21:03:14]   - SUCCESS: hippocampus_180 completed.
[21:03:14]   - Cleanup done. Memory ready for next subject.
[21:03:14] 
>>> [116/260] STARTING: hippocampus_181
[21:03:14]   - Loading volume...
[21:03:14]   - STEP 1: SegPostProcess (Cleaning labels)...
[21:03:14]   - STEP 2: GenParaMesh (Creating spherical mesh)...
[21:03:15]   - STEP 3: ParaToSPHARMMesh (Computing PDM)...
[21:03:15]   - SUCCESS: hippocampus_181 completed.
[21:03:15]   - Cleanup done. Memory ready for next subject.
[21:03:15] 
>>> [117/260] STARTING: hippocampus_184
[21:03:15]   - Loading volume...
[21:03:15]   - STEP 1: SegPostProcess (Cleaning labels)...
[21:03:16]   - STEP 2: GenParaMesh (Creating spherical mesh)...
[21:03:17]   - STEP 3: ParaToSPHARMMesh (Computing PDM)...
[21:03:18]   - SUCCESS: hippocampus_184 completed.
[21:03:18]   - Cleanup done. Memory ready for next subject.
[21:03:18] 
>>> [118/260] STARTING: hippocampus_185
[21:03:18]   - Loading volume...
[21:03:18]   - STEP 1: SegPostProcess (Cleaning labels)...
[21:03:18]   - STEP 2: GenParaMesh (Creating spherical mesh)...
[21:03:19]   - STEP 3: ParaToSPHARMMesh (Computing PDM)...
[21:03:19]   - SUCCESS: hippocampus_185 completed.
[21:03:19]   - Cleanup done. Memory ready for next subject.
[21:03:19] 
>>> [119/260] STARTING: hippocampus_188
[21:03:19]   - Loading volume...
[21:03:19]   - STEP 1: SegPostProcess (Cleaning labels)...
[21:03:20]   - STEP 2: GenParaMesh (Creating spherical mesh)...
[21:03:20]   - STEP 3: ParaToSPHARMMesh (Computing PDM)...
[21:03:21]   - SUCCESS: hippocampus_188 completed.
[21:03:21]   - Cleanup done. Memory ready for next subject.
[21:03:21] 
>>> [120/260] STARTING: hippocampus_189
[21:03:21]   - Loading volume...
[21:03:21]   - STEP 1: SegPostProcess (Cleaning labels)...
[21:03:21]   - STEP 2: GenParaMesh (Creating spherical mesh)...
[21:03:22]   - STEP 3: ParaToSPHARMMesh (Computing PDM)...
[21:03:22]   - SUCCESS: hippocampus_189 completed.
[21:03:22]   - Cleanup done. Memory ready for next subject.
[21:03:22] 
>>> [121/260] STARTING: hippocampus_190
[21:03:22]   - Loading volume...
[21:03:22]   - STEP 1: SegPostProcess (Cleaning labels)...
[21:03:23]   - STEP 2: GenParaMesh (Creating spherical mesh)...
[21:03:23]   - STEP 3: ParaToSPHARMMesh (Computing PDM)...
[21:03:24]   - SUCCESS: hippocampus_190 completed.
[21:03:24]   - Cleanup done. Memory ready for next subject.
[21:03:24] 
>>> [122/260] STARTING: hippocampus_193
[21:03:24]   - Loading volume...
[21:03:24]   - STEP 1: SegPostProcess (Cleaning labels)...
[21:03:24]   - STEP 2: GenParaMesh (Creating spherical mesh)...
[21:03:25]   - STEP 3: ParaToSPHARMMesh (Computing PDM)...
[21:03:26]   - SUCCESS: hippocampus_193 completed.
[21:03:26]   - Cleanup done. Memory ready for next subject.
[21:03:26] 
>>> [123/260] STARTING: hippocampus_194
[21:03:26]   - Loading volume...
[21:03:26]   - STEP 1: SegPostProcess (Cleaning labels)...
[21:03:26]   - STEP 2: GenParaMesh (Creating spherical mesh)...
[21:03:27]   - STEP 3: ParaToSPHARMMesh (Computing PDM)...
[21:03:27]   - SUCCESS: hippocampus_194 completed.
[21:03:27]   - Cleanup done. Memory ready for next subject.
[21:03:27] 
>>> [124/260] STARTING: hippocampus_195
[21:03:27]   - Loading volume...
[21:03:27]   - STEP 1: SegPostProcess (Cleaning labels)...
[21:03:28]   - STEP 2: GenParaMesh (Creating spherical mesh)...
[21:03:29]   - STEP 3: ParaToSPHARMMesh (Computing PDM)...
[21:03:29]   - SUCCESS: hippocampus_195 completed.
[21:03:29]   - Cleanup done. Memory ready for next subject.
[21:03:29] 
>>> [125/260] STARTING: hippocampus_197
[21:03:29]   - Loading volume...
[21:03:29]   - STEP 1: SegPostProcess (Cleaning labels)...
[21:03:29]   - STEP 2: GenParaMesh (Creating spherical mesh)...
[21:03:30]   - STEP 3: ParaToSPHARMMesh (Computing PDM)...
[21:03:31]   - SUCCESS: hippocampus_197 completed.
[21:03:31]   - Cleanup done. Memory ready for next subject.
[21:03:31] 
>>> [126/260] STARTING: hippocampus_199
[21:03:31]   - Loading volume...
[21:03:31]   - STEP 1: SegPostProcess (Cleaning labels)...
[21:03:31]   - STEP 2: GenParaMesh (Creating spherical mesh)...
[21:03:32]   - STEP 3: ParaToSPHARMMesh (Computing PDM)...
[21:03:33]   - SUCCESS: hippocampus_199 completed.
[21:03:33]   - Cleanup done. Memory ready for next subject.
[21:03:33] 
>>> [127/260] STARTING: hippocampus_203
[21:03:33]   - Loading volume...
[21:03:33]   - STEP 1: SegPostProcess (Cleaning labels)...
[21:03:33]   - STEP 2: GenParaMesh (Creating spherical mesh)...
[21:03:34]   - STEP 3: ParaToSPHARMMesh (Computing PDM)...
[21:03:34]   - SUCCESS: hippocampus_203 completed.
[21:03:34]   - Cleanup done. Memory ready for next subject.
[21:03:34] 
>>> [128/260] STARTING: hippocampus_204
[21:03:34]   - Loading volume...
[21:03:34]   - STEP 1: SegPostProcess (Cleaning labels)...
[21:03:34]   - STEP 2: GenParaMesh (Creating spherical mesh)...
[21:03:35]   - STEP 3: ParaToSPHARMMesh (Computing PDM)...
[21:03:36]   - SUCCESS: hippocampus_204 completed.
[21:03:36]   - Cleanup done. Memory ready for next subject.
[21:03:36] 
>>> [129/260] STARTING: hippocampus_205
[21:03:36]   - Loading volume...
[21:03:36]   - STEP 1: SegPostProcess (Cleaning labels)...
[21:03:36]   - STEP 2: GenParaMesh (Creating spherical mesh)...
[21:03:37]   - STEP 3: ParaToSPHARMMesh (Computing PDM)...
[21:03:37]   - SUCCESS: hippocampus_205 completed.
[21:03:37]   - Cleanup done. Memory ready for next subject.
[21:03:37] 
>>> [130/260] STARTING: hippocampus_207
[21:03:37]   - Loading volume...
[21:03:37]   - STEP 1: SegPostProcess (Cleaning labels)...
[21:03:37]   - STEP 2: GenParaMesh (Creating spherical mesh)...
[21:03:38]   - STEP 3: ParaToSPHARMMesh (Computing PDM)...
[21:03:39]   - SUCCESS: hippocampus_207 completed.
[21:03:39]   - Cleanup done. Memory ready for next subject.
[21:03:39] 
>>> [131/260] STARTING: hippocampus_210
[21:03:39]   - Loading volume...
[21:03:39]   - STEP 1: SegPostProcess (Cleaning labels)...
[21:03:39]   - STEP 2: GenParaMesh (Creating spherical mesh)...
[21:03:40]   - STEP 3: ParaToSPHARMMesh (Computing PDM)...
[21:03:41]   - SUCCESS: hippocampus_210 completed.
[21:03:41]   - Cleanup done. Memory ready for next subject.
[21:03:41] 
>>> [132/260] STARTING: hippocampus_212
[21:03:41]   - Loading volume...
[21:03:41]   - STEP 1: SegPostProcess (Cleaning labels)...
[21:03:41]   - STEP 2: GenParaMesh (Creating spherical mesh)...
[21:03:41]   - STEP 3: ParaToSPHARMMesh (Computing PDM)...
[21:03:42]   - SUCCESS: hippocampus_212 completed.
[21:03:42]   - Cleanup done. Memory ready for next subject.
[21:03:42] 
>>> [133/260] STARTING: hippocampus_215
[21:03:42]   - Loading volume...
[21:03:42]   - STEP 1: SegPostProcess (Cleaning labels)...
[21:03:42]   - STEP 2: GenParaMesh (Creating spherical mesh)...
[21:03:43]   - STEP 3: ParaToSPHARMMesh (Computing PDM)...
[21:03:44]   - SUCCESS: hippocampus_215 completed.
[21:03:44]   - Cleanup done. Memory ready for next subject.
[21:03:44] 
>>> [134/260] STARTING: hippocampus_216
[21:03:44]   - Loading volume...
[21:03:44]   - STEP 1: SegPostProcess (Cleaning labels)...
[21:03:44]   - STEP 2: GenParaMesh (Creating spherical mesh)...
[21:03:45]   - STEP 3: ParaToSPHARMMesh (Computing PDM)...
[21:03:46]   - SUCCESS: hippocampus_216 completed.
[21:03:46]   - Cleanup done. Memory ready for next subject.
[21:03:46] 
>>> [135/260] STARTING: hippocampus_217
[21:03:46]   - Loading volume...
[21:03:46]   - STEP 1: SegPostProcess (Cleaning labels)...
[21:03:46]   - STEP 2: GenParaMesh (Creating spherical mesh)...
[21:03:47]   - STEP 3: ParaToSPHARMMesh (Computing PDM)...
[21:03:47]   - SUCCESS: hippocampus_217 completed.
[21:03:47]   - Cleanup done. Memory ready for next subject.
[21:03:47] 
>>> [136/260] STARTING: hippocampus_219
[21:03:47]   - Loading volume...
[21:03:47]   - STEP 1: SegPostProcess (Cleaning labels)...
[21:03:47]   - STEP 2: GenParaMesh (Creating spherical mesh)...
[21:03:48]   - STEP 3: ParaToSPHARMMesh (Computing PDM)...
[21:03:49]   - SUCCESS: hippocampus_219 completed.
[21:03:49]   - Cleanup done. Memory ready for next subject.
[21:03:49] 
>>> [137/260] STARTING: hippocampus_220
[21:03:49]   - Loading volume...
[21:03:49]   - STEP 1: SegPostProcess (Cleaning labels)...
[21:03:49]   - STEP 2: GenParaMesh (Creating spherical mesh)...
[21:03:50]   - STEP 3: ParaToSPHARMMesh (Computing PDM)...
[21:03:50]   - SUCCESS: hippocampus_220 completed.
[21:03:51]   - Cleanup done. Memory ready for next subject.
[21:03:51] 
>>> [138/260] STARTING: hippocampus_221
[21:03:51]   - Loading volume...
[21:03:51]   - STEP 1: SegPostProcess (Cleaning labels)...
[21:03:51]   - STEP 2: GenParaMesh (Creating spherical mesh)...
[21:03:51]   - STEP 3: ParaToSPHARMMesh (Computing PDM)...
[21:03:52]   - SUCCESS: hippocampus_221 completed.
[21:03:52]   - Cleanup done. Memory ready for next subject.
[21:03:52] 
>>> [139/260] STARTING: hippocampus_222
[21:03:52]   - Loading volume...
[21:03:52]   - STEP 1: SegPostProcess (Cleaning labels)...
[21:03:52]   - STEP 2: GenParaMesh (Creating spherical mesh)...
[21:03:53]   - STEP 3: ParaToSPHARMMesh (Computing PDM)...
[21:03:53]   - SUCCESS: hippocampus_222 completed.
[21:03:53]   - Cleanup done. Memory ready for next subject.
[21:03:53] 
>>> [140/260] STARTING: hippocampus_223
[21:03:53]   - Loading volume...
[21:03:53]   - STEP 1: SegPostProcess (Cleaning labels)...
[21:03:54]   - STEP 2: GenParaMesh (Creating spherical mesh)...
[21:03:54]   - STEP 3: ParaToSPHARMMesh (Computing PDM)...
[21:03:55]   - SUCCESS: hippocampus_223 completed.
[21:03:55]   - Cleanup done. Memory ready for next subject.
[21:03:55] 
>>> [141/260] STARTING: hippocampus_224
[21:03:55]   - Loading volume...
[21:03:55]   - STEP 1: SegPostProcess (Cleaning labels)...
[21:03:55]   - STEP 2: GenParaMesh (Creating spherical mesh)...
[21:03:56]   - STEP 3: ParaToSPHARMMesh (Computing PDM)...
[21:03:57]   - SUCCESS: hippocampus_224 completed.
[21:03:57]   - Cleanup done. Memory ready for next subject.
[21:03:57] 
>>> [142/260] STARTING: hippocampus_225
[21:03:57]   - Loading volume...
[21:03:57]   - STEP 1: SegPostProcess (Cleaning labels)...
[21:03:57]   - STEP 2: GenParaMesh (Creating spherical mesh)...
[21:03:57]   - STEP 3: ParaToSPHARMMesh (Computing PDM)...
[21:03:58]   - SUCCESS: hippocampus_225 completed.
[21:03:58]   - Cleanup done. Memory ready for next subject.
[21:03:58] 
>>> [143/260] STARTING: hippocampus_226
[21:03:58]   - Loading volume...
[21:03:58]   - STEP 1: SegPostProcess (Cleaning labels)...
[21:03:58]   - STEP 2: GenParaMesh (Creating spherical mesh)...
[21:03:59]   - STEP 3: ParaToSPHARMMesh (Computing PDM)...
[21:04:00]   - SUCCESS: hippocampus_226 completed.
[21:04:00]   - Cleanup done. Memory ready for next subject.
[21:04:00] 
>>> [144/260] STARTING: hippocampus_227
[21:04:00]   - Loading volume...
[21:04:00]   - STEP 1: SegPostProcess (Cleaning labels)...
[21:04:00]   - STEP 2: GenParaMesh (Creating spherical mesh)...
[21:04:01]   - STEP 3: ParaToSPHARMMesh (Computing PDM)...
[21:04:02]   - SUCCESS: hippocampus_227 completed.
[21:04:02]   - Cleanup done. Memory ready for next subject.
[21:04:02] 
>>> [145/260] STARTING: hippocampus_228
[21:04:02]   - Loading volume...
[21:04:02]   - STEP 1: SegPostProcess (Cleaning labels)...
[21:04:02]   - STEP 2: GenParaMesh (Creating spherical mesh)...
[21:04:03]   - STEP 3: ParaToSPHARMMesh (Computing PDM)...
[21:04:04]   - SUCCESS: hippocampus_228 completed.
[21:04:04]   - Cleanup done. Memory ready for next subject.
[21:04:04] 
>>> [146/260] STARTING: hippocampus_229
[21:04:04]   - Loading volume...
[21:04:04]   - STEP 1: SegPostProcess (Cleaning labels)...
[21:04:04]   - STEP 2: GenParaMesh (Creating spherical mesh)...
[21:04:04]   - STEP 3: ParaToSPHARMMesh (Computing PDM)...
[21:04:05]   - SUCCESS: hippocampus_229 completed.
[21:04:05]   - Cleanup done. Memory ready for next subject.
[21:04:05] 
>>> [147/260] STARTING: hippocampus_230
[21:04:05]   - Loading volume...
[21:04:05]   - STEP 1: SegPostProcess (Cleaning labels)...
[21:04:05]   - STEP 2: GenParaMesh (Creating spherical mesh)...
[21:04:06]   - STEP 3: ParaToSPHARMMesh (Computing PDM)...
[21:04:07]   - SUCCESS: hippocampus_230 completed.
[21:04:07]   - Cleanup done. Memory ready for next subject.
[21:04:07] 
>>> [148/260] STARTING: hippocampus_231
[21:04:07]   - Loading volume...
[21:04:07]   - STEP 1: SegPostProcess (Cleaning labels)...
[21:04:07]   - STEP 2: GenParaMesh (Creating spherical mesh)...
[21:04:11]   - STEP 3: ParaToSPHARMMesh (Computing PDM)...
[21:04:12]   - SUCCESS: hippocampus_231 completed.
[21:04:12]   - Cleanup done. Memory ready for next subject.
[21:04:12] 
>>> [149/260] STARTING: hippocampus_232
[21:04:12]   - Loading volume...
[21:04:12]   - STEP 1: SegPostProcess (Cleaning labels)...
[21:04:12]   - STEP 2: GenParaMesh (Creating spherical mesh)...
[21:04:13]   - STEP 3: ParaToSPHARMMesh (Computing PDM)...
[21:04:13]   - SUCCESS: hippocampus_232 completed.
[21:04:14]   - Cleanup done. Memory ready for next subject.
[21:04:14] 
>>> [150/260] STARTING: hippocampus_233
[21:04:14]   - Loading volume...
[21:04:14]   - STEP 1: SegPostProcess (Cleaning labels)...
[21:04:14]   - STEP 2: GenParaMesh (Creating spherical mesh)...
[21:04:14]   - STEP 3: ParaToSPHARMMesh (Computing PDM)...
[21:04:15]   - SUCCESS: hippocampus_233 completed.
[21:04:15]   - Cleanup done. Memory ready for next subject.
[21:04:15] 
>>> [151/260] STARTING: hippocampus_234
[21:04:15]   - Loading volume...
[21:04:15]   - STEP 1: SegPostProcess (Cleaning labels)...
[21:04:15]   - STEP 2: GenParaMesh (Creating spherical mesh)...
[21:04:16]   - STEP 3: ParaToSPHARMMesh (Computing PDM)...
[21:04:16]   - SUCCESS: hippocampus_234 completed.
[21:04:16]   - Cleanup done. Memory ready for next subject.
[21:04:16] 
>>> [152/260] STARTING: hippocampus_235
[21:04:16]   - Loading volume...
[21:04:16]   - STEP 1: SegPostProcess (Cleaning labels)...
[21:04:17]   - STEP 2: GenParaMesh (Creating spherical mesh)...
[21:04:17]   - STEP 3: ParaToSPHARMMesh (Computing PDM)...
[21:04:18]   - SUCCESS: hippocampus_235 completed.
[21:04:18]   - Cleanup done. Memory ready for next subject.
[21:04:18] 
>>> [153/260] STARTING: hippocampus_236
[21:04:18]   - Loading volume...
[21:04:18]   - STEP 1: SegPostProcess (Cleaning labels)...
[21:04:18]   - STEP 2: GenParaMesh (Creating spherical mesh)...
[21:04:19]   - STEP 3: ParaToSPHARMMesh (Computing PDM)...
[21:04:19]   - SUCCESS: hippocampus_236 completed.
[21:04:19]   - Cleanup done. Memory ready for next subject.
[21:04:19] 
>>> [154/260] STARTING: hippocampus_238
[21:04:19]   - Loading volume...
[21:04:19]   - STEP 1: SegPostProcess (Cleaning labels)...
[21:04:19]   - STEP 2: GenParaMesh (Creating spherical mesh)...
[21:04:21]   - STEP 3: ParaToSPHARMMesh (Computing PDM)...
[21:04:21]   - SUCCESS: hippocampus_238 completed.
[21:04:21]   - Cleanup done. Memory ready for next subject.
[21:04:21] 
>>> [155/260] STARTING: hippocampus_242
[21:04:21]   - Loading volume...
[21:04:21]   - STEP 1: SegPostProcess (Cleaning labels)...
[21:04:21]   - STEP 2: GenParaMesh (Creating spherical mesh)...
[21:04:22]   - STEP 3: ParaToSPHARMMesh (Computing PDM)...
[21:04:23]   - SUCCESS: hippocampus_242 completed.
[21:04:23]   - Cleanup done. Memory ready for next subject.
[21:04:23] 
>>> [156/260] STARTING: hippocampus_243
[21:04:23]   - Loading volume...
[21:04:23]   - STEP 1: SegPostProcess (Cleaning labels)...
[21:04:23]   - STEP 2: GenParaMesh (Creating spherical mesh)...
[21:04:24]   - STEP 3: ParaToSPHARMMesh (Computing PDM)...
[21:04:24]   - SUCCESS: hippocampus_243 completed.
[21:04:24]   - Cleanup done. Memory ready for next subject.
[21:04:24] 
>>> [157/260] STARTING: hippocampus_244
[21:04:24]   - Loading volume...
[21:04:24]   - STEP 1: SegPostProcess (Cleaning labels)...
[21:04:25]   - STEP 2: GenParaMesh (Creating spherical mesh)...
[21:04:30]   - STEP 3: ParaToSPHARMMesh (Computing PDM)...
[21:04:30]   - SUCCESS: hippocampus_244 completed.
[21:04:30]   - Cleanup done. Memory ready for next subject.
[21:04:30] 
>>> [158/260] STARTING: hippocampus_245
[21:04:30]   - Loading volume...
[21:04:30]   - STEP 1: SegPostProcess (Cleaning labels)...
[21:04:30]   - STEP 2: GenParaMesh (Creating spherical mesh)...
[21:04:31]   - STEP 3: ParaToSPHARMMesh (Computing PDM)...
[21:04:32]   - SUCCESS: hippocampus_245 completed.
[21:04:32]   - Cleanup done. Memory ready for next subject.
[21:04:32] 
>>> [159/260] STARTING: hippocampus_248
[21:04:32]   - Loading volume...
[21:04:32]   - STEP 1: SegPostProcess (Cleaning labels)...
[21:04:32]   - STEP 2: GenParaMesh (Creating spherical mesh)...
[21:04:33]   - STEP 3: ParaToSPHARMMesh (Computing PDM)...
[21:04:34]   - SUCCESS: hippocampus_248 completed.
[21:04:34]   - Cleanup done. Memory ready for next subject.
[21:04:34] 
>>> [160/260] STARTING: hippocampus_249
[21:04:34]   - Loading volume...
[21:04:34]   - STEP 1: SegPostProcess (Cleaning labels)...
[21:04:34]   - STEP 2: GenParaMesh (Creating spherical mesh)...
[21:04:35]   - STEP 3: ParaToSPHARMMesh (Computing PDM)...
[21:04:35]   - SUCCESS: hippocampus_249 completed.
[21:04:35]   - Cleanup done. Memory ready for next subject.
[21:04:35] 
>>> [161/260] STARTING: hippocampus_250
[21:04:35]   - Loading volume...
[21:04:35]   - STEP 1: SegPostProcess (Cleaning labels)...
[21:04:36]   - STEP 2: GenParaMesh (Creating spherical mesh)...
[21:04:36]   - STEP 3: ParaToSPHARMMesh (Computing PDM)...
[21:04:37]   - SUCCESS: hippocampus_250 completed.
[21:04:37]   - Cleanup done. Memory ready for next subject.
[21:04:37] 
>>> [162/260] STARTING: hippocampus_251
[21:04:37]   - Loading volume...
[21:04:37]   - STEP 1: SegPostProcess (Cleaning labels)...
[21:04:37]   - STEP 2: GenParaMesh (Creating spherical mesh)...
[21:04:38]   - STEP 3: ParaToSPHARMMesh (Computing PDM)...
[21:04:39]   - SUCCESS: hippocampus_251 completed.
[21:04:39]   - Cleanup done. Memory ready for next subject.
[21:04:39] 
>>> [163/260] STARTING: hippocampus_252
[21:04:39]   - Loading volume...
[21:04:39]   - STEP 1: SegPostProcess (Cleaning labels)...
[21:04:39]   - STEP 2: GenParaMesh (Creating spherical mesh)...
[21:04:40]   - STEP 3: ParaToSPHARMMesh (Computing PDM)...
[21:04:40]   - SUCCESS: hippocampus_252 completed.
[21:04:40]   - Cleanup done. Memory ready for next subject.
[21:04:40] 
>>> [164/260] STARTING: hippocampus_253
[21:04:40]   - Loading volume...
[21:04:40]   - STEP 1: SegPostProcess (Cleaning labels)...
[21:04:40]   - STEP 2: GenParaMesh (Creating spherical mesh)...
[21:04:42]   - STEP 3: ParaToSPHARMMesh (Computing PDM)...
[21:04:42]   - SUCCESS: hippocampus_253 completed.
[21:04:42]   - Cleanup done. Memory ready for next subject.
[21:04:42] 
>>> [165/260] STARTING: hippocampus_257
[21:04:42]   - Loading volume...
[21:04:43]   - STEP 1: SegPostProcess (Cleaning labels)...
[21:04:43]   - STEP 2: GenParaMesh (Creating spherical mesh)...
[21:04:43]   - STEP 3: ParaToSPHARMMesh (Computing PDM)...
[21:04:44]   - SUCCESS: hippocampus_257 completed.
[21:04:44]   - Cleanup done. Memory ready for next subject.
[21:04:44] 
>>> [166/260] STARTING: hippocampus_259
[21:04:44]   - Loading volume...
[21:04:44]   - STEP 1: SegPostProcess (Cleaning labels)...
[21:04:44]   - STEP 2: GenParaMesh (Creating spherical mesh)...
[21:04:44]   - STEP 3: ParaToSPHARMMesh (Computing PDM)...
[21:04:45]   - SUCCESS: hippocampus_259 completed.
[21:04:45]   - Cleanup done. Memory ready for next subject.
[21:04:45] 
>>> [167/260] STARTING: hippocampus_260
[21:04:45]   - Loading volume...
[21:04:45]   - STEP 1: SegPostProcess (Cleaning labels)...
[21:04:45]   - STEP 2: GenParaMesh (Creating spherical mesh)...
[21:04:46]   - STEP 3: ParaToSPHARMMesh (Computing PDM)...
[21:04:46]   - SUCCESS: hippocampus_260 completed.
[21:04:46]   - Cleanup done. Memory ready for next subject.
[21:04:46] 
>>> [168/260] STARTING: hippocampus_261
[21:04:46]   - Loading volume...
[21:04:46]   - STEP 1: SegPostProcess (Cleaning labels)...
[21:04:47]   - STEP 2: GenParaMesh (Creating spherical mesh)...
[21:04:48]   - STEP 3: ParaToSPHARMMesh (Computing PDM)...
[21:04:49]   - SUCCESS: hippocampus_261 completed.
[21:04:49]   - Cleanup done. Memory ready for next subject.
[21:04:49] 
>>> [169/260] STARTING: hippocampus_263
[21:04:49]   - Loading volume...
[21:04:49]   - STEP 1: SegPostProcess (Cleaning labels)...
[21:04:49]   - STEP 2: GenParaMesh (Creating spherical mesh)...
[21:04:49]   - STEP 3: ParaToSPHARMMesh (Computing PDM)...
[21:04:50]   - SUCCESS: hippocampus_263 completed.
[21:04:50]   - Cleanup done. Memory ready for next subject.
[21:04:50] 
>>> [170/260] STARTING: hippocampus_264
[21:04:50]   - Loading volume...
[21:04:50]   - STEP 1: SegPostProcess (Cleaning labels)...
[21:04:50]   - STEP 2: GenParaMesh (Creating spherical mesh)...
[21:04:51]   - STEP 3: ParaToSPHARMMesh (Computing PDM)...
[21:04:52]   - SUCCESS: hippocampus_264 completed.
[21:04:52]   - Cleanup done. Memory ready for next subject.
[21:04:52] 
>>> [171/260] STARTING: hippocampus_265
[21:04:52]   - Loading volume...
[21:04:52]   - STEP 1: SegPostProcess (Cleaning labels)...
[21:04:52]   - STEP 2: GenParaMesh (Creating spherical mesh)...
[21:04:53]   - STEP 3: ParaToSPHARMMesh (Computing PDM)...
[21:04:53]   - SUCCESS: hippocampus_265 completed.
[21:04:53]   - Cleanup done. Memory ready for next subject.
[21:04:53] 
>>> [172/260] STARTING: hippocampus_268
[21:04:53]   - Loading volume...
[21:04:53]   - STEP 1: SegPostProcess (Cleaning labels)...
[21:04:53]   - STEP 2: GenParaMesh (Creating spherical mesh)...
[21:04:54]   - STEP 3: ParaToSPHARMMesh (Computing PDM)...
[21:04:55]   - SUCCESS: hippocampus_268 completed.
[21:04:55]   - Cleanup done. Memory ready for next subject.
[21:04:55] 
>>> [173/260] STARTING: hippocampus_269
[21:04:55]   - Loading volume...
[21:04:55]   - STEP 1: SegPostProcess (Cleaning labels)...
[21:04:55]   - STEP 2: GenParaMesh (Creating spherical mesh)...
[21:04:56]   - STEP 3: ParaToSPHARMMesh (Computing PDM)...
[21:04:57]   - SUCCESS: hippocampus_269 completed.
[21:04:57]   - Cleanup done. Memory ready for next subject.
[21:04:57] 
>>> [174/260] STARTING: hippocampus_274
[21:04:57]   - Loading volume...
[21:04:57]   - STEP 1: SegPostProcess (Cleaning labels)...
[21:04:57]   - STEP 2: GenParaMesh (Creating spherical mesh)...
[21:04:58]   - STEP 3: ParaToSPHARMMesh (Computing PDM)...
[21:04:58]   - SUCCESS: hippocampus_274 completed.
[21:04:59]   - Cleanup done. Memory ready for next subject.
[21:04:59] 
>>> [175/260] STARTING: hippocampus_276
[21:04:59]   - Loading volume...
[21:04:59]   - STEP 1: SegPostProcess (Cleaning labels)...
[21:04:59]   - STEP 2: GenParaMesh (Creating spherical mesh)...
[21:05:00]   - STEP 3: ParaToSPHARMMesh (Computing PDM)...
[21:05:00]   - SUCCESS: hippocampus_276 completed.
[21:05:00]   - Cleanup done. Memory ready for next subject.
[21:05:00] 
>>> [176/260] STARTING: hippocampus_277
[21:05:00]   - Loading volume...
[21:05:00]   - STEP 1: SegPostProcess (Cleaning labels)...
[21:05:00]   - STEP 2: GenParaMesh (Creating spherical mesh)...
[21:05:02]   - STEP 3: ParaToSPHARMMesh (Computing PDM)...
[21:05:02]   - SUCCESS: hippocampus_277 completed.
[21:05:02]   - Cleanup done. Memory ready for next subject.
[21:05:02] 
>>> [177/260] STARTING: hippocampus_279
[21:05:02]   - Loading volume...
[21:05:02]   - STEP 1: SegPostProcess (Cleaning labels)...
[21:05:02]   - STEP 2: GenParaMesh (Creating spherical mesh)...
[21:05:03]   - STEP 3: ParaToSPHARMMesh (Computing PDM)...
[21:05:04]   - SUCCESS: hippocampus_279 completed.
[21:05:04]   - Cleanup done. Memory ready for next subject.
[21:05:04] 
>>> [178/260] STARTING: hippocampus_280
[21:05:04]   - Loading volume...
[21:05:04]   - STEP 1: SegPostProcess (Cleaning labels)...
[21:05:04]   - STEP 2: GenParaMesh (Creating spherical mesh)...
[21:05:05]   - STEP 3: ParaToSPHARMMesh (Computing PDM)...
[21:05:05]   - SUCCESS: hippocampus_280 completed.
[21:05:05]   - Cleanup done. Memory ready for next subject.
[21:05:05] 
>>> [179/260] STARTING: hippocampus_282
[21:05:05]   - Loading volume...
[21:05:05]   - STEP 1: SegPostProcess (Cleaning labels)...
[21:05:06]   - STEP 2: GenParaMesh (Creating spherical mesh)...
[21:05:06]   - STEP 3: ParaToSPHARMMesh (Computing PDM)...
[21:05:07]   - SUCCESS: hippocampus_282 completed.
[21:05:07]   - Cleanup done. Memory ready for next subject.
[21:05:07] 
>>> [180/260] STARTING: hippocampus_286
[21:05:07]   - Loading volume...
[21:05:07]   - STEP 1: SegPostProcess (Cleaning labels)...
[21:05:07]   - STEP 2: GenParaMesh (Creating spherical mesh)...
[21:05:08]   - STEP 3: ParaToSPHARMMesh (Computing PDM)...
[21:05:08]   - SUCCESS: hippocampus_286 completed.
[21:05:08]   - Cleanup done. Memory ready for next subject.
[21:05:08] 
>>> [181/260] STARTING: hippocampus_287
[21:05:08]   - Loading volume...
[21:05:08]   - STEP 1: SegPostProcess (Cleaning labels)...
[21:05:09]   - STEP 2: GenParaMesh (Creating spherical mesh)...
[21:05:09]   - STEP 3: ParaToSPHARMMesh (Computing PDM)...
[21:05:10]   - SUCCESS: hippocampus_287 completed.
[21:05:10]   - Cleanup done. Memory ready for next subject.
[21:05:10] 
>>> [182/260] STARTING: hippocampus_288
[21:05:10]   - Loading volume...
[21:05:10]   - STEP 1: SegPostProcess (Cleaning labels)...
[21:05:10]   - STEP 2: GenParaMesh (Creating spherical mesh)...
[21:05:11]   - STEP 3: ParaToSPHARMMesh (Computing PDM)...
[21:05:12]   - SUCCESS: hippocampus_288 completed.
[21:05:12]   - Cleanup done. Memory ready for next subject.
[21:05:12] 
>>> [183/260] STARTING: hippocampus_289
[21:05:12]   - Loading volume...
[21:05:12]   - STEP 1: SegPostProcess (Cleaning labels)...
[21:05:12]   - STEP 2: GenParaMesh (Creating spherical mesh)...
[21:05:13]   - STEP 3: ParaToSPHARMMesh (Computing PDM)...
[21:05:13]   - SUCCESS: hippocampus_289 completed.
[21:05:13]   - Cleanup done. Memory ready for next subject.
[21:05:13] 
>>> [184/260] STARTING: hippocampus_290
[21:05:13]   - Loading volume...
[21:05:13]   - STEP 1: SegPostProcess (Cleaning labels)...
[21:05:13]   - STEP 2: GenParaMesh (Creating spherical mesh)...
[21:05:14]   - STEP 3: ParaToSPHARMMesh (Computing PDM)...
[21:05:15]   - SUCCESS: hippocampus_290 completed.
[21:05:15]   - Cleanup done. Memory ready for next subject.
[21:05:15] 
>>> [185/260] STARTING: hippocampus_292
[21:05:15]   - Loading volume...
[21:05:15]   - STEP 1: SegPostProcess (Cleaning labels)...
[21:05:15]   - STEP 2: GenParaMesh (Creating spherical mesh)...
[21:05:16]   - STEP 3: ParaToSPHARMMesh (Computing PDM)...
[21:05:17]   - SUCCESS: hippocampus_292 completed.
[21:05:17]   - Cleanup done. Memory ready for next subject.
[21:05:17] 
>>> [186/260] STARTING: hippocampus_294
[21:05:17]   - Loading volume...
[21:05:17]   - STEP 1: SegPostProcess (Cleaning labels)...
[21:05:17]   - STEP 2: GenParaMesh (Creating spherical mesh)...
[21:05:18]   - STEP 3: ParaToSPHARMMesh (Computing PDM)...
[21:05:19]   - SUCCESS: hippocampus_294 completed.
[21:05:19]   - Cleanup done. Memory ready for next subject.
[21:05:19] 
>>> [187/260] STARTING: hippocampus_295
[21:05:19]   - Loading volume...
[21:05:19]   - STEP 1: SegPostProcess (Cleaning labels)...
[21:05:19]   - STEP 2: GenParaMesh (Creating spherical mesh)...
[21:05:20]   - STEP 3: ParaToSPHARMMesh (Computing PDM)...
[21:05:20]   - SUCCESS: hippocampus_295 completed.
[21:05:20]   - Cleanup done. Memory ready for next subject.
[21:05:20] 
>>> [188/260] STARTING: hippocampus_296
[21:05:20]   - Loading volume...
[21:05:20]   - STEP 1: SegPostProcess (Cleaning labels)...
[21:05:20]   - STEP 2: GenParaMesh (Creating spherical mesh)...
[21:05:21]   - STEP 3: ParaToSPHARMMesh (Computing PDM)...
[21:05:22]   - SUCCESS: hippocampus_296 completed.
[21:05:22]   - Cleanup done. Memory ready for next subject.
[21:05:22] 
>>> [189/260] STARTING: hippocampus_297
[21:05:22]   - Loading volume...
[21:05:22]   - STEP 1: SegPostProcess (Cleaning labels)...
[21:05:22]   - STEP 2: GenParaMesh (Creating spherical mesh)...
[21:05:23]   - STEP 3: ParaToSPHARMMesh (Computing PDM)...
[21:05:24]   - SUCCESS: hippocampus_297 completed.
[21:05:24]   - Cleanup done. Memory ready for next subject.
[21:05:24] 
>>> [190/260] STARTING: hippocampus_298
[21:05:24]   - Loading volume...
[21:05:24]   - STEP 1: SegPostProcess (Cleaning labels)...
[21:05:24]   - STEP 2: GenParaMesh (Creating spherical mesh)...
[21:05:25]   - STEP 3: ParaToSPHARMMesh (Computing PDM)...
[21:05:26]   - SUCCESS: hippocampus_298 completed.
[21:05:26]   - Cleanup done. Memory ready for next subject.
[21:05:26] 
>>> [191/260] STARTING: hippocampus_299
[21:05:26]   - Loading volume...
[21:05:26]   - STEP 1: SegPostProcess (Cleaning labels)...
[21:05:26]   - STEP 2: GenParaMesh (Creating spherical mesh)...
[21:05:27]   - STEP 3: ParaToSPHARMMesh (Computing PDM)...
[21:05:27]   - SUCCESS: hippocampus_299 completed.
[21:05:27]   - Cleanup done. Memory ready for next subject.
[21:05:27] 
>>> [192/260] STARTING: hippocampus_300
[21:05:27]   - Loading volume...
[21:05:27]   - STEP 1: SegPostProcess (Cleaning labels)...
[21:05:27]   - STEP 2: GenParaMesh (Creating spherical mesh)...
[21:05:28]   - STEP 3: ParaToSPHARMMesh (Computing PDM)...
[21:05:29]   - SUCCESS: hippocampus_300 completed.
[21:05:29]   - Cleanup done. Memory ready for next subject.
[21:05:29] 
>>> [193/260] STARTING: hippocampus_301
[21:05:29]   - Loading volume...
[21:05:29]   - STEP 1: SegPostProcess (Cleaning labels)...
[21:05:29]   - STEP 2: GenParaMesh (Creating spherical mesh)...
[21:05:30]   - STEP 3: ParaToSPHARMMesh (Computing PDM)...
[21:05:31]   - SUCCESS: hippocampus_301 completed.
[21:05:31]   - Cleanup done. Memory ready for next subject.
[21:05:31] 
>>> [194/260] STARTING: hippocampus_302
[21:05:31]   - Loading volume...
[21:05:31]   - STEP 1: SegPostProcess (Cleaning labels)...
[21:05:31]   - STEP 2: GenParaMesh (Creating spherical mesh)...
[21:05:33]   - STEP 3: ParaToSPHARMMesh (Computing PDM)...
[21:05:33]   - SUCCESS: hippocampus_302 completed.
[21:05:33]   - Cleanup done. Memory ready for next subject.
[21:05:33] 
>>> [195/260] STARTING: hippocampus_303
[21:05:33]   - Loading volume...
[21:05:33]   - STEP 1: SegPostProcess (Cleaning labels)...
[21:05:33]   - STEP 2: GenParaMesh (Creating spherical mesh)...
[21:05:34]   - STEP 3: ParaToSPHARMMesh (Computing PDM)...
[21:05:35]   - SUCCESS: hippocampus_303 completed.
[21:05:35]   - Cleanup done. Memory ready for next subject.
[21:05:35] 
>>> [196/260] STARTING: hippocampus_304
[21:05:35]   - Loading volume...
[21:05:35]   - STEP 1: SegPostProcess (Cleaning labels)...
[21:05:35]   - STEP 2: GenParaMesh (Creating spherical mesh)...
[21:05:36]   - STEP 3: ParaToSPHARMMesh (Computing PDM)...
[21:05:37]   - SUCCESS: hippocampus_304 completed.
[21:05:37]   - Cleanup done. Memory ready for next subject.
[21:05:37] 
>>> [197/260] STARTING: hippocampus_305
[21:05:37]   - Loading volume...
[21:05:37]   - STEP 1: SegPostProcess (Cleaning labels)...
[21:05:37]   - STEP 2: GenParaMesh (Creating spherical mesh)...
[21:05:38]   - STEP 3: ParaToSPHARMMesh (Computing PDM)...
[21:05:38]   - SUCCESS: hippocampus_305 completed.
[21:05:38]   - Cleanup done. Memory ready for next subject.
[21:05:38] 
>>> [198/260] STARTING: hippocampus_308
[21:05:38]   - Loading volume...
[21:05:38]   - STEP 1: SegPostProcess (Cleaning labels)...
[21:05:39]   - STEP 2: GenParaMesh (Creating spherical mesh)...
[21:05:39]   - STEP 3: ParaToSPHARMMesh (Computing PDM)...
[21:05:40]   - SUCCESS: hippocampus_308 completed.
[21:05:40]   - Cleanup done. Memory ready for next subject.
[21:05:40] 
>>> [199/260] STARTING: hippocampus_309
[21:05:40]   - Loading volume...
[21:05:40]   - STEP 1: SegPostProcess (Cleaning labels)...
[21:05:40]   - STEP 2: GenParaMesh (Creating spherical mesh)...
[21:05:41]   - STEP 3: ParaToSPHARMMesh (Computing PDM)...
[21:05:42]   - SUCCESS: hippocampus_309 completed.
[21:05:42]   - Cleanup done. Memory ready for next subject.
[21:05:42] 
>>> [200/260] STARTING: hippocampus_310
[21:05:42]   - Loading volume...
[21:05:42]   - STEP 1: SegPostProcess (Cleaning labels)...
[21:05:42]   - STEP 2: GenParaMesh (Creating spherical mesh)...
[21:05:43]   - STEP 3: ParaToSPHARMMesh (Computing PDM)...
[21:05:43]   - SUCCESS: hippocampus_310 completed.
[21:05:44]   - Cleanup done. Memory ready for next subject.
[21:05:44] 
>>> [201/260] STARTING: hippocampus_311
[21:05:44]   - Loading volume...
[21:05:44]   - STEP 1: SegPostProcess (Cleaning labels)...
[21:05:44]   - STEP 2: GenParaMesh (Creating spherical mesh)...
[21:05:45]   - STEP 3: ParaToSPHARMMesh (Computing PDM)...
[21:05:45]   - SUCCESS: hippocampus_311 completed.
[21:05:45]   - Cleanup done. Memory ready for next subject.
[21:05:45] 
>>> [202/260] STARTING: hippocampus_314
[21:05:45]   - Loading volume...
[21:05:45]   - STEP 1: SegPostProcess (Cleaning labels)...
[21:05:46]   - STEP 2: GenParaMesh (Creating spherical mesh)...
[21:05:47]   - STEP 3: ParaToSPHARMMesh (Computing PDM)...
[21:05:47]   - SUCCESS: hippocampus_314 completed.
[21:05:47]   - Cleanup done. Memory ready for next subject.
[21:05:47] 
>>> [203/260] STARTING: hippocampus_316
[21:05:47]   - Loading volume...
[21:05:47]   - STEP 1: SegPostProcess (Cleaning labels)...
[21:05:47]   - STEP 2: GenParaMesh (Creating spherical mesh)...
[21:05:48]   - STEP 3: ParaToSPHARMMesh (Computing PDM)...
[21:05:49]   - SUCCESS: hippocampus_316 completed.
[21:05:49]   - Cleanup done. Memory ready for next subject.
[21:05:49] 
>>> [204/260] STARTING: hippocampus_317
[21:05:49]   - Loading volume...
[21:05:49]   - STEP 1: SegPostProcess (Cleaning labels)...
[21:05:49]   - STEP 2: GenParaMesh (Creating spherical mesh)...
[21:05:50]   - STEP 3: ParaToSPHARMMesh (Computing PDM)...
[21:05:51]   - SUCCESS: hippocampus_317 completed.
[21:05:51]   - Cleanup done. Memory ready for next subject.
[21:05:51] 
>>> [205/260] STARTING: hippocampus_318
[21:05:51]   - Loading volume...
[21:05:51]   - STEP 1: SegPostProcess (Cleaning labels)...
[21:05:51]   - STEP 2: GenParaMesh (Creating spherical mesh)...
[21:05:52]   - STEP 3: ParaToSPHARMMesh (Computing PDM)...
[21:05:53]   - SUCCESS: hippocampus_318 completed.
[21:05:53]   - Cleanup done. Memory ready for next subject.
[21:05:53] 
>>> [206/260] STARTING: hippocampus_319
[21:05:53]   - Loading volume...
[21:05:53]   - STEP 1: SegPostProcess (Cleaning labels)...
[21:05:53]   - STEP 2: GenParaMesh (Creating spherical mesh)...
[21:05:54]   - STEP 3: ParaToSPHARMMesh (Computing PDM)...
[21:05:54]   - SUCCESS: hippocampus_319 completed.
[21:05:54]   - Cleanup done. Memory ready for next subject.
[21:05:54] 
>>> [207/260] STARTING: hippocampus_320
[21:05:54]   - Loading volume...
[21:05:54]   - STEP 1: SegPostProcess (Cleaning labels)...
[21:05:55]   - STEP 2: GenParaMesh (Creating spherical mesh)...
[21:05:55]   - STEP 3: ParaToSPHARMMesh (Computing PDM)...
[21:05:56]   - SUCCESS: hippocampus_320 completed.
[21:05:56]   - Cleanup done. Memory ready for next subject.
[21:05:56] 
>>> [208/260] STARTING: hippocampus_321
[21:05:56]   - Loading volume...
[21:05:56]   - STEP 1: SegPostProcess (Cleaning labels)...
[21:05:56]   - STEP 2: GenParaMesh (Creating spherical mesh)...
[21:05:57]   - STEP 3: ParaToSPHARMMesh (Computing PDM)...
[21:05:58]   - SUCCESS: hippocampus_321 completed.
[21:05:58]   - Cleanup done. Memory ready for next subject.
[21:05:58] 
>>> [209/260] STARTING: hippocampus_322
[21:05:58]   - Loading volume...
[21:05:58]   - STEP 1: SegPostProcess (Cleaning labels)...
[21:05:58]   - STEP 2: GenParaMesh (Creating spherical mesh)...
[21:05:59]   - STEP 3: ParaToSPHARMMesh (Computing PDM)...
[21:06:00]   - SUCCESS: hippocampus_322 completed.
[21:06:00]   - Cleanup done. Memory ready for next subject.
[21:06:00] 
>>> [210/260] STARTING: hippocampus_325
[21:06:00]   - Loading volume...
[21:06:00]   - STEP 1: SegPostProcess (Cleaning labels)...
[21:06:00]   - STEP 2: GenParaMesh (Creating spherical mesh)...
[21:06:01]   - STEP 3: ParaToSPHARMMesh (Computing PDM)...
[21:06:02]   - SUCCESS: hippocampus_325 completed.
[21:06:02]   - Cleanup done. Memory ready for next subject.
[21:06:02] 
>>> [211/260] STARTING: hippocampus_326
[21:06:02]   - Loading volume...
[21:06:02]   - STEP 1: SegPostProcess (Cleaning labels)...
[21:06:02]   - STEP 2: GenParaMesh (Creating spherical mesh)...
[21:06:03]   - STEP 3: ParaToSPHARMMesh (Computing PDM)...
[21:06:04]   - SUCCESS: hippocampus_326 completed.
[21:06:04]   - Cleanup done. Memory ready for next subject.
[21:06:04] 
>>> [212/260] STARTING: hippocampus_327
[21:06:04]   - Loading volume...
[21:06:04]   - STEP 1: SegPostProcess (Cleaning labels)...
[21:06:04]   - STEP 2: GenParaMesh (Creating spherical mesh)...
[21:06:05]   - STEP 3: ParaToSPHARMMesh (Computing PDM)...
[21:06:06]   - SUCCESS: hippocampus_327 completed.
[21:06:06]   - Cleanup done. Memory ready for next subject.
[21:06:06] 
>>> [213/260] STARTING: hippocampus_328
[21:06:06]   - Loading volume...
[21:06:06]   - STEP 1: SegPostProcess (Cleaning labels)...
[21:06:06]   - STEP 2: GenParaMesh (Creating spherical mesh)...
[21:06:07]   - STEP 3: ParaToSPHARMMesh (Computing PDM)...
[21:06:08]   - SUCCESS: hippocampus_328 completed.
[21:06:08]   - Cleanup done. Memory ready for next subject.
[21:06:08] 
>>> [214/260] STARTING: hippocampus_329
[21:06:08]   - Loading volume...
[21:06:08]   - STEP 1: SegPostProcess (Cleaning labels)...
[21:06:08]   - STEP 2: GenParaMesh (Creating spherical mesh)...
[21:06:09]   - STEP 3: ParaToSPHARMMesh (Computing PDM)...
[21:06:09]   - SUCCESS: hippocampus_329 completed.
[21:06:09]   - Cleanup done. Memory ready for next subject.
[21:06:09] 
>>> [215/260] STARTING: hippocampus_330
[21:06:09]   - Loading volume...
[21:06:09]   - STEP 1: SegPostProcess (Cleaning labels)...
[21:06:09]   - STEP 2: GenParaMesh (Creating spherical mesh)...
[21:06:11]   - STEP 3: ParaToSPHARMMesh (Computing PDM)...
[21:06:11]   - SUCCESS: hippocampus_330 completed.
[21:06:11]   - Cleanup done. Memory ready for next subject.
[21:06:11] 
>>> [216/260] STARTING: hippocampus_331
[21:06:11]   - Loading volume...
[21:06:11]   - STEP 1: SegPostProcess (Cleaning labels)...
[21:06:12]   - STEP 2: GenParaMesh (Creating spherical mesh)...
[21:06:12]   - STEP 3: ParaToSPHARMMesh (Computing PDM)...
[21:06:13]   - SUCCESS: hippocampus_331 completed.
[21:06:13]   - Cleanup done. Memory ready for next subject.
[21:06:13] 
>>> [217/260] STARTING: hippocampus_332
[21:06:13]   - Loading volume...
[21:06:13]   - STEP 1: SegPostProcess (Cleaning labels)...
[21:06:13]   - STEP 2: GenParaMesh (Creating spherical mesh)...
[21:06:14]   - STEP 3: ParaToSPHARMMesh (Computing PDM)...
[21:06:15]   - SUCCESS: hippocampus_332 completed.
[21:06:15]   - Cleanup done. Memory ready for next subject.
[21:06:15] 
>>> [218/260] STARTING: hippocampus_333
[21:06:15]   - Loading volume...
[21:06:15]   - STEP 1: SegPostProcess (Cleaning labels)...
[21:06:15]   - STEP 2: GenParaMesh (Creating spherical mesh)...
[21:06:16]   - STEP 3: ParaToSPHARMMesh (Computing PDM)...
[21:06:16]   - SUCCESS: hippocampus_333 completed.
[21:06:17]   - Cleanup done. Memory ready for next subject.
[21:06:17] 
>>> [219/260] STARTING: hippocampus_334
[21:06:17]   - Loading volume...
[21:06:17]   - STEP 1: SegPostProcess (Cleaning labels)...
[21:06:17]   - STEP 2: GenParaMesh (Creating spherical mesh)...
[21:06:17]   - STEP 3: ParaToSPHARMMesh (Computing PDM)...
[21:06:18]   - SUCCESS: hippocampus_334 completed.
[21:06:18]   - Cleanup done. Memory ready for next subject.
[21:06:18] 
>>> [220/260] STARTING: hippocampus_335
[21:06:18]   - Loading volume...
[21:06:18]   - STEP 1: SegPostProcess (Cleaning labels)...
[21:06:18]   - STEP 2: GenParaMesh (Creating spherical mesh)...
[21:06:19]   - STEP 3: ParaToSPHARMMesh (Computing PDM)...
[21:06:19]   - SUCCESS: hippocampus_335 completed.
[21:06:19]   - Cleanup done. Memory ready for next subject.
[21:06:19] 
>>> [221/260] STARTING: hippocampus_336
[21:06:19]   - Loading volume...
[21:06:19]   - STEP 1: SegPostProcess (Cleaning labels)...
[21:06:19]   - STEP 2: GenParaMesh (Creating spherical mesh)...
[21:06:20]   - STEP 3: ParaToSPHARMMesh (Computing PDM)...
[21:06:21]   - SUCCESS: hippocampus_336 completed.
[21:06:21]   - Cleanup done. Memory ready for next subject.
[21:06:21] 
>>> [222/260] STARTING: hippocampus_337
[21:06:21]   - Loading volume...
[21:06:21]   - STEP 1: SegPostProcess (Cleaning labels)...
[21:06:21]   - STEP 2: GenParaMesh (Creating spherical mesh)...
[21:06:22]   - STEP 3: ParaToSPHARMMesh (Computing PDM)...
[21:06:22]   - SUCCESS: hippocampus_337 completed.
[21:06:22]   - Cleanup done. Memory ready for next subject.
[21:06:22] 
>>> [223/260] STARTING: hippocampus_338
[21:06:22]   - Loading volume...
[21:06:22]   - STEP 1: SegPostProcess (Cleaning labels)...
[21:06:22]   - STEP 2: GenParaMesh (Creating spherical mesh)...
[21:06:23]   - STEP 3: ParaToSPHARMMesh (Computing PDM)...
[21:06:24]   - SUCCESS: hippocampus_338 completed.
[21:06:24]   - Cleanup done. Memory ready for next subject.
[21:06:24] 
>>> [224/260] STARTING: hippocampus_340
[21:06:24]   - Loading volume...
[21:06:24]   - STEP 1: SegPostProcess (Cleaning labels)...
[21:06:24]   - STEP 2: GenParaMesh (Creating spherical mesh)...
[21:06:25]   - STEP 3: ParaToSPHARMMesh (Computing PDM)...
[21:06:25]   - SUCCESS: hippocampus_340 completed.
[21:06:26]   - Cleanup done. Memory ready for next subject.
[21:06:26] 
>>> [225/260] STARTING: hippocampus_341
[21:06:26]   - Loading volume...
[21:06:26]   - STEP 1: SegPostProcess (Cleaning labels)...
[21:06:26]   - STEP 2: GenParaMesh (Creating spherical mesh)...
[21:06:26]   - STEP 3: ParaToSPHARMMesh (Computing PDM)...
[21:06:27]   - SUCCESS: hippocampus_341 completed.
[21:06:27]   - Cleanup done. Memory ready for next subject.
[21:06:27] 
>>> [226/260] STARTING: hippocampus_343
[21:06:27]   - Loading volume...
[21:06:27]   - STEP 1: SegPostProcess (Cleaning labels)...
[21:06:27]   - STEP 2: GenParaMesh (Creating spherical mesh)...
[21:06:28]   - STEP 3: ParaToSPHARMMesh (Computing PDM)...
[21:06:29]   - SUCCESS: hippocampus_343 completed.
[21:06:29]   - Cleanup done. Memory ready for next subject.
[21:06:29] 
>>> [227/260] STARTING: hippocampus_345
[21:06:29]   - Loading volume...
[21:06:29]   - STEP 1: SegPostProcess (Cleaning labels)...
[21:06:29]   - STEP 2: GenParaMesh (Creating spherical mesh)...
[21:06:30]   - STEP 3: ParaToSPHARMMesh (Computing PDM)...
[21:06:30]   - SUCCESS: hippocampus_345 completed.
[21:06:30]   - Cleanup done. Memory ready for next subject.
[21:06:30] 
>>> [228/260] STARTING: hippocampus_349
[21:06:30]   - Loading volume...
[21:06:30]   - STEP 1: SegPostProcess (Cleaning labels)...
[21:06:30]   - STEP 2: GenParaMesh (Creating spherical mesh)...
[21:06:31]   - STEP 3: ParaToSPHARMMesh (Computing PDM)...
[21:06:32]   - SUCCESS: hippocampus_349 completed.
[21:06:32]   - Cleanup done. Memory ready for next subject.
[21:06:32] 
>>> [229/260] STARTING: hippocampus_350
[21:06:32]   - Loading volume...
[21:06:32]   - STEP 1: SegPostProcess (Cleaning labels)...
[21:06:32]   - STEP 2: GenParaMesh (Creating spherical mesh)...
[21:06:33]   - STEP 3: ParaToSPHARMMesh (Computing PDM)...
[21:06:34]   - SUCCESS: hippocampus_350 completed.
[21:06:34]   - Cleanup done. Memory ready for next subject.
[21:06:34] 
>>> [230/260] STARTING: hippocampus_351
[21:06:34]   - Loading volume...
[21:06:34]   - STEP 1: SegPostProcess (Cleaning labels)...
[21:06:34]   - STEP 2: GenParaMesh (Creating spherical mesh)...
[21:06:35]   - STEP 3: ParaToSPHARMMesh (Computing PDM)...
[21:06:35]   - SUCCESS: hippocampus_351 completed.
[21:06:35]   - Cleanup done. Memory ready for next subject.
[21:06:35] 
>>> [231/260] STARTING: hippocampus_352
[21:06:35]   - Loading volume...
[21:06:35]   - STEP 1: SegPostProcess (Cleaning labels)...
[21:06:35]   - STEP 2: GenParaMesh (Creating spherical mesh)...
[21:06:36]   - STEP 3: ParaToSPHARMMesh (Computing PDM)...
[21:06:37]   - SUCCESS: hippocampus_352 completed.
[21:06:37]   - Cleanup done. Memory ready for next subject.
[21:06:37] 
>>> [232/260] STARTING: hippocampus_353
[21:06:37]   - Loading volume...
[21:06:37]   - STEP 1: SegPostProcess (Cleaning labels)...
[21:06:37]   - STEP 2: GenParaMesh (Creating spherical mesh)...
[21:06:38]   - STEP 3: ParaToSPHARMMesh (Computing PDM)...
[21:06:39]   - SUCCESS: hippocampus_353 completed.
[21:06:39]   - Cleanup done. Memory ready for next subject.
[21:06:39] 
>>> [233/260] STARTING: hippocampus_354
[21:06:39]   - Loading volume...
[21:06:39]   - STEP 1: SegPostProcess (Cleaning labels)...
[21:06:39]   - STEP 2: GenParaMesh (Creating spherical mesh)...
[21:06:39]   - STEP 3: ParaToSPHARMMesh (Computing PDM)...
[21:06:40]   - SUCCESS: hippocampus_354 completed.
[21:06:40]   - Cleanup done. Memory ready for next subject.
[21:06:40] 
>>> [234/260] STARTING: hippocampus_355
[21:06:40]   - Loading volume...
[21:06:40]   - STEP 1: SegPostProcess (Cleaning labels)...
[21:06:40]   - STEP 2: GenParaMesh (Creating spherical mesh)...
[21:06:41]   - STEP 3: ParaToSPHARMMesh (Computing PDM)...
[21:06:42]   - SUCCESS: hippocampus_355 completed.
[21:06:42]   - Cleanup done. Memory ready for next subject.
[21:06:42] 
>>> [235/260] STARTING: hippocampus_356
[21:06:42]   - Loading volume...
[21:06:42]   - STEP 1: SegPostProcess (Cleaning labels)...
[21:06:42]   - STEP 2: GenParaMesh (Creating spherical mesh)...
[21:06:43]   - STEP 3: ParaToSPHARMMesh (Computing PDM)...
[21:06:44]   - SUCCESS: hippocampus_356 completed.
[21:06:44]   - Cleanup done. Memory ready for next subject.
[21:06:44] 
>>> [236/260] STARTING: hippocampus_358
[21:06:44]   - Loading volume...
[21:06:44]   - STEP 1: SegPostProcess (Cleaning labels)...
[21:06:44]   - STEP 2: GenParaMesh (Creating spherical mesh)...
[21:06:45]   - STEP 3: ParaToSPHARMMesh (Computing PDM)...
[21:06:46]   - SUCCESS: hippocampus_358 completed.
[21:06:46]   - Cleanup done. Memory ready for next subject.
[21:06:46] 
>>> [237/260] STARTING: hippocampus_359
[21:06:46]   - Loading volume...
[21:06:46]   - STEP 1: SegPostProcess (Cleaning labels)...
[21:06:46]   - STEP 2: GenParaMesh (Creating spherical mesh)...
[21:06:47]   - STEP 3: ParaToSPHARMMesh (Computing PDM)...
[21:06:47]   - SUCCESS: hippocampus_359 completed.
[21:06:47]   - Cleanup done. Memory ready for next subject.
[21:06:47] 
>>> [238/260] STARTING: hippocampus_360
[21:06:47]   - Loading volume...
[21:06:48]   - STEP 1: SegPostProcess (Cleaning labels)...
[21:06:48]   - STEP 2: GenParaMesh (Creating spherical mesh)...
[21:06:48]   - STEP 3: ParaToSPHARMMesh (Computing PDM)...
[21:06:49]   - SUCCESS: hippocampus_360 completed.
[21:06:49]   - Cleanup done. Memory ready for next subject.
[21:06:49] 
>>> [239/260] STARTING: hippocampus_361
[21:06:49]   - Loading volume...
[21:06:49]   - STEP 1: SegPostProcess (Cleaning labels)...
[21:06:49]   - STEP 2: GenParaMesh (Creating spherical mesh)...
[21:06:50]   - STEP 3: ParaToSPHARMMesh (Computing PDM)...
[21:06:51]   - SUCCESS: hippocampus_361 completed.
[21:06:51]   - Cleanup done. Memory ready for next subject.
[21:06:51] 
>>> [240/260] STARTING: hippocampus_363
[21:06:51]   - Loading volume...
[21:06:51]   - STEP 1: SegPostProcess (Cleaning labels)...
[21:06:51]   - STEP 2: GenParaMesh (Creating spherical mesh)...
[21:06:52]   - STEP 3: ParaToSPHARMMesh (Computing PDM)...
[21:06:53]   - SUCCESS: hippocampus_363 completed.
[21:06:53]   - Cleanup done. Memory ready for next subject.
[21:06:53] 
>>> [241/260] STARTING: hippocampus_366
[21:06:53]   - Loading volume...
[21:06:53]   - STEP 1: SegPostProcess (Cleaning labels)...
[21:06:53]   - STEP 2: GenParaMesh (Creating spherical mesh)...
[21:06:54]   - STEP 3: ParaToSPHARMMesh (Computing PDM)...
[21:06:55]   - SUCCESS: hippocampus_366 completed.
[21:06:55]   - Cleanup done. Memory ready for next subject.
[21:06:55] 
>>> [242/260] STARTING: hippocampus_367
[21:06:55]   - Loading volume...
[21:06:55]   - STEP 1: SegPostProcess (Cleaning labels)...
[21:06:55]   - STEP 2: GenParaMesh (Creating spherical mesh)...
[21:06:56]   - STEP 3: ParaToSPHARMMesh (Computing PDM)...
[21:06:57]   - SUCCESS: hippocampus_367 completed.
[21:06:57]   - Cleanup done. Memory ready for next subject.
[21:06:57] 
>>> [243/260] STARTING: hippocampus_368
[21:06:57]   - Loading volume...
[21:06:57]   - STEP 1: SegPostProcess (Cleaning labels)...
[21:06:57]   - STEP 2: GenParaMesh (Creating spherical mesh)...
[21:06:58]   - STEP 3: ParaToSPHARMMesh (Computing PDM)...
[21:06:59]   - SUCCESS: hippocampus_368 completed.
[21:06:59]   - Cleanup done. Memory ready for next subject.
[21:06:59] 
>>> [244/260] STARTING: hippocampus_370
[21:06:59]   - Loading volume...
[21:06:59]   - STEP 1: SegPostProcess (Cleaning labels)...
[21:06:59]   - STEP 2: GenParaMesh (Creating spherical mesh)...
[21:07:00]   - STEP 3: ParaToSPHARMMesh (Computing PDM)...
[21:07:00]   - SUCCESS: hippocampus_370 completed.
[21:07:00]   - Cleanup done. Memory ready for next subject.
[21:07:00] 
>>> [245/260] STARTING: hippocampus_372
[21:07:00]   - Loading volume...
[21:07:00]   - STEP 1: SegPostProcess (Cleaning labels)...
[21:07:00]   - STEP 2: GenParaMesh (Creating spherical mesh)...
[21:07:01]   - STEP 3: ParaToSPHARMMesh (Computing PDM)...
[21:07:02]   - SUCCESS: hippocampus_372 completed.
[21:07:02]   - Cleanup done. Memory ready for next subject.
[21:07:02] 
>>> [246/260] STARTING: hippocampus_373
[21:07:02]   - Loading volume...
[21:07:02]   - STEP 1: SegPostProcess (Cleaning labels)...
[21:07:02]   - STEP 2: GenParaMesh (Creating spherical mesh)...
[21:07:03]   - STEP 3: ParaToSPHARMMesh (Computing PDM)...
[21:07:03]   - SUCCESS: hippocampus_373 completed.
[21:07:03]   - Cleanup done. Memory ready for next subject.
[21:07:03] 
>>> [247/260] STARTING: hippocampus_374
[21:07:03]   - Loading volume...
[21:07:03]   - STEP 1: SegPostProcess (Cleaning labels)...
[21:07:04]   - STEP 2: GenParaMesh (Creating spherical mesh)...
[21:07:05]   - STEP 3: ParaToSPHARMMesh (Computing PDM)...
[21:07:05]   - SUCCESS: hippocampus_374 completed.
[21:07:05]   - Cleanup done. Memory ready for next subject.
[21:07:05] 
>>> [248/260] STARTING: hippocampus_375
[21:07:05]   - Loading volume...
[21:07:05]   - STEP 1: SegPostProcess (Cleaning labels)...
[21:07:05]   - STEP 2: GenParaMesh (Creating spherical mesh)...
[21:07:06]   - STEP 3: ParaToSPHARMMesh (Computing PDM)...
[21:07:07]   - SUCCESS: hippocampus_375 completed.
[21:07:07]   - Cleanup done. Memory ready for next subject.
[21:07:07] 
>>> [249/260] STARTING: hippocampus_376
[21:07:07]   - Loading volume...
[21:07:07]   - STEP 1: SegPostProcess (Cleaning labels)...
[21:07:07]   - STEP 2: GenParaMesh (Creating spherical mesh)...
[21:07:08]   - STEP 3: ParaToSPHARMMesh (Computing PDM)...
[21:07:08]   - SUCCESS: hippocampus_376 completed.
[21:07:09]   - Cleanup done. Memory ready for next subject.
[21:07:09] 
>>> [250/260] STARTING: hippocampus_378
[21:07:09]   - Loading volume...
[21:07:09]   - STEP 1: SegPostProcess (Cleaning labels)...
[21:07:09]   - STEP 2: GenParaMesh (Creating spherical mesh)...
[21:07:09]   - STEP 3: ParaToSPHARMMesh (Computing PDM)...
[21:07:10]   - SUCCESS: hippocampus_378 completed.
[21:07:10]   - Cleanup done. Memory ready for next subject.
[21:07:10] 
>>> [251/260] STARTING: hippocampus_380
[21:07:10]   - Loading volume...
[21:07:10]   - STEP 1: SegPostProcess (Cleaning labels)...
[21:07:10]   - STEP 2: GenParaMesh (Creating spherical mesh)...
[21:07:11]   - STEP 3: ParaToSPHARMMesh (Computing PDM)...
[21:07:11]   - SUCCESS: hippocampus_380 completed.
[21:07:12]   - Cleanup done. Memory ready for next subject.
[21:07:12] 
>>> [252/260] STARTING: hippocampus_381
[21:07:12]   - Loading volume...
[21:07:12]   - STEP 1: SegPostProcess (Cleaning labels)...
[21:07:12]   - STEP 2: GenParaMesh (Creating spherical mesh)...
[21:07:13]   - STEP 3: ParaToSPHARMMesh (Computing PDM)...
[21:07:13]   - SUCCESS: hippocampus_381 completed.
[21:07:13]   - Cleanup done. Memory ready for next subject.
[21:07:13] 
>>> [253/260] STARTING: hippocampus_383
[21:07:13]   - Loading volume...
[21:07:13]   - STEP 1: SegPostProcess (Cleaning labels)...
[21:07:13]   - STEP 2: GenParaMesh (Creating spherical mesh)...
[21:07:14]   - STEP 3: ParaToSPHARMMesh (Computing PDM)...
[21:07:15]   - SUCCESS: hippocampus_383 completed.
[21:07:15]   - Cleanup done. Memory ready for next subject.
[21:07:15] 
>>> [254/260] STARTING: hippocampus_385
[21:07:15]   - Loading volume...
[21:07:15]   - STEP 1: SegPostProcess (Cleaning labels)...
[21:07:15]   - STEP 2: GenParaMesh (Creating spherical mesh)...
[21:07:16]   - STEP 3: ParaToSPHARMMesh (Computing PDM)...
[21:07:17]   - SUCCESS: hippocampus_385 completed.
[21:07:17]   - Cleanup done. Memory ready for next subject.
[21:07:17] 
>>> [255/260] STARTING: hippocampus_386
[21:07:17]   - Loading volume...
[21:07:17]   - STEP 1: SegPostProcess (Cleaning labels)...
[21:07:17]   - STEP 2: GenParaMesh (Creating spherical mesh)...
[21:07:18]   - STEP 3: ParaToSPHARMMesh (Computing PDM)...
[21:07:19]   - SUCCESS: hippocampus_386 completed.
[21:07:19]   - Cleanup done. Memory ready for next subject.
[21:07:19] 
>>> [256/260] STARTING: hippocampus_387
[21:07:19]   - Loading volume...
[21:07:19]   - STEP 1: SegPostProcess (Cleaning labels)...
[21:07:19]   - STEP 2: GenParaMesh (Creating spherical mesh)...
[21:07:20]   - STEP 3: ParaToSPHARMMesh (Computing PDM)...
[21:07:21]   - SUCCESS: hippocampus_387 completed.
[21:07:21]   - Cleanup done. Memory ready for next subject.
[21:07:21] 
>>> [257/260] STARTING: hippocampus_389
[21:07:21]   - Loading volume...
[21:07:21]   - STEP 1: SegPostProcess (Cleaning labels)...
[21:07:21]   - STEP 2: GenParaMesh (Creating spherical mesh)...
[21:07:22]   - STEP 3: ParaToSPHARMMesh (Computing PDM)...
[21:07:23]   - SUCCESS: hippocampus_389 completed.
[21:07:23]   - Cleanup done. Memory ready for next subject.
[21:07:23] 
>>> [258/260] STARTING: hippocampus_390
[21:07:23]   - Loading volume...
[21:07:23]   - STEP 1: SegPostProcess (Cleaning labels)...
[21:07:23]   - STEP 2: GenParaMesh (Creating spherical mesh)...
[21:07:24]   - STEP 3: ParaToSPHARMMesh (Computing PDM)...
[21:07:25]   - SUCCESS: hippocampus_390 completed.
[21:07:25]   - Cleanup done. Memory ready for next subject.
[21:07:25] 
>>> [259/260] STARTING: hippocampus_393
[21:07:25]   - Loading volume...
[21:07:25]   - STEP 1: SegPostProcess (Cleaning labels)...
[21:07:25]   - STEP 2: GenParaMesh (Creating spherical mesh)...
[21:07:26]   - STEP 3: ParaToSPHARMMesh (Computing PDM)...
[21:07:26]   - SUCCESS: hippocampus_393 completed.
[21:07:26]   - Cleanup done. Memory ready for next subject.
[21:07:26] 
>>> [260/260] STARTING: hippocampus_394
[21:07:26]   - Loading volume...
[21:07:26]   - STEP 1: SegPostProcess (Cleaning labels)...
[21:07:27]   - STEP 2: GenParaMesh (Creating spherical mesh)...
[21:07:27]   - STEP 3: ParaToSPHARMMesh (Computing PDM)...
[21:07:28]   - SUCCESS: hippocampus_394 completed.
[21:07:28]   - Cleanup done. Memory ready for next subject.
[21:07:28] 
============================================================
[21:07:28] !!! ALL BATCH PROCESSING COMPLETED !!!
[21:07:28] ============================================================
[21:07:28] Batch Processing Completed. Closing SlicerSALT...
