--- SPHARM Batch Mode Start: 2026-04-07 17:28:38.024293 ---
Input: D:\capstone\HFH Hippocampus Segmentation_Organized\ICP\output_1_Normal\aligned_nifti
Output: D:\capstone\HFH Hippocampus Segmentation_Organized\ICP\output_1_Normal

[17:28:38] Detected 10 label-specific files (filtering out original images).
[17:28:38] Verified 10 files for processing.
[17:28:38] 
>>> [1/10] STARTING: HFH_001_Hipp_Labels_aligned
[17:28:38]   - Loading volume...
[17:28:38]   - STEP 1: SegPostProcess (Cleaning labels)...
[17:28:39]   - STEP 2: GenParaMesh (Creating spherical mesh)...
[17:28:41]   - STEP 3: ParaToSPHARMMesh (Computing PDM)...
[17:28:42]   - SUCCESS: HFH_001_Hipp_Labels_aligned completed.
[17:28:42]   - Cleanup done.
[17:28:42] 
>>> [2/10] STARTING: HFH_002_Hipp_Labels_aligned
[17:28:42]   - Loading volume...
[17:28:42]   - STEP 1: SegPostProcess (Cleaning labels)...
[17:28:43]   - STEP 2: GenParaMesh (Creating spherical mesh)...
[17:28:45]   - STEP 3: ParaToSPHARMMesh (Computing PDM)...
[17:28:46]   - SUCCESS: HFH_002_Hipp_Labels_aligned completed.
[17:28:46]   - Cleanup done.
[17:28:46] 
>>> [3/10] STARTING: HFH_003_Hipp_Labels_aligned
[17:28:46]   - Loading volume...
[17:28:46]   - STEP 1: SegPostProcess (Cleaning labels)...
[17:28:47]   - STEP 2: GenParaMesh (Creating spherical mesh)...
[17:28:49]   - STEP 3: ParaToSPHARMMesh (Computing PDM)...
[17:28:49]   - SUCCESS: HFH_003_Hipp_Labels_aligned completed.
[17:28:49]   - Cleanup done.
[17:28:49] 
>>> [4/10] STARTING: HFH_004_Hipp_Labels_aligned
[17:28:49]   - Loading volume...
[17:28:49]   - STEP 1: SegPostProcess (Cleaning labels)...
[17:28:51]   - STEP 2: GenParaMesh (Creating spherical mesh)...
[17:28:53]   - STEP 3: ParaToSPHARMMesh (Computing PDM)...
[17:28:54]   - SUCCESS: HFH_004_Hipp_Labels_aligned completed.
[17:28:54]   - Cleanup done.
[17:28:54] 
>>> [5/10] STARTING: HFH_005_Hipp_Labels_aligned
[17:28:54]   - Loading volume...
[17:28:54]   - STEP 1: SegPostProcess (Cleaning labels)...
[17:28:55]   - STEP 2: GenParaMesh (Creating spherical mesh)...
[17:28:57]   - STEP 3: ParaToSPHARMMesh (Computing PDM)...
[17:28:58]   - SUCCESS: HFH_005_Hipp_Labels_aligned completed.
[17:28:58]   - Cleanup done.
[17:28:58] 
>>> [6/10] STARTING: HFH_006_Hipp_Labels_aligned
[17:28:58]   - Loading volume...
[17:28:58]   - STEP 1: SegPostProcess (Cleaning labels)...
[17:28:59]   - STEP 2: GenParaMesh (Creating spherical mesh)...
[17:29:00]   - STEP 3: ParaToSPHARMMesh (Computing PDM)...
[17:29:01]   - SUCCESS: HFH_006_Hipp_Labels_aligned completed.
[17:29:01]   - Cleanup done.
[17:29:01] 
>>> [7/10] STARTING: HFH_007_Hipp_Labels_aligned
[17:29:01]   - Loading volume...
[17:29:01]   - STEP 1: SegPostProcess (Cleaning labels)...
[17:29:02]   - STEP 2: GenParaMesh (Creating spherical mesh)...
[17:29:04]   - STEP 3: ParaToSPHARMMesh (Computing PDM)...
[17:29:05]   - SUCCESS: HFH_007_Hipp_Labels_aligned completed.
[17:29:05]   - Cleanup done.
[17:29:05] 
>>> [8/10] STARTING: HFH_008_Hipp_Labels_aligned
[17:29:05]   - Loading volume...
[17:29:05]   - STEP 1: SegPostProcess (Cleaning labels)...
[17:29:06]   - STEP 2: GenParaMesh (Creating spherical mesh)...
[17:29:08]   - STEP 3: ParaToSPHARMMesh (Computing PDM)...
[17:29:08]   - SUCCESS: HFH_008_Hipp_Labels_aligned completed.
[17:29:08]   - Cleanup done.
[17:29:08] 
>>> [9/10] STARTING: HFH_009_Hipp_Labels_aligned
[17:29:08]   - Loading volume...
[17:29:08]   - STEP 1: SegPostProcess (Cleaning labels)...
[17:29:10]   - STEP 2: GenParaMesh (Creating spherical mesh)...
[17:29:11]   - STEP 3: ParaToSPHARMMesh (Computing PDM)...
[17:29:12]   - SUCCESS: HFH_009_Hipp_Labels_aligned completed.
[17:29:12]   - Cleanup done.
[17:29:12] 
>>> [10/10] STARTING: HFH_010_Hipp_Labels_aligned
[17:29:12]   - Loading volume...
[17:29:12]   - STEP 1: SegPostProcess (Cleaning labels)...
[17:29:13]   - STEP 2: GenParaMesh (Creating spherical mesh)...
[17:29:14]   - STEP 3: ParaToSPHARMMesh (Computing PDM)...
[17:29:15]   - SUCCESS: HFH_010_Hipp_Labels_aligned completed.
[17:29:15]   - Cleanup done.
[17:29:15] 
============================================================
[17:29:15] !!! ALL BATCH PROCESSING COMPLETED !!!
[17:29:15] ============================================================
